INFO:root:Total startTimestamp: 1685445276.722786
INFO:root:large-1startTimestamp: 1685445276.722786
INFO:root:large-1endTimestamp: 1685445287.4304667
INFO:root:large-10startTimestamp: 1685445287.4311655
INFO:root:large-10endTimestamp: 1685445305.8072646
INFO:root:large-100startTimestamp: 1685445305.8072646
INFO:root:large-100endTimestamp: 1685445325.286934
INFO:root:large-101startTimestamp: 1685445325.286934
INFO:root:large-101endTimestamp: 1685445345.5974865
INFO:root:large-102startTimestamp: 1685445345.5974865
INFO:root:large-102endTimestamp: 1685445365.112924
INFO:root:large-103startTimestamp: 1685445365.112924
INFO:root:large-103endTimestamp: 1685445379.7611327
INFO:root:large-104startTimestamp: 1685445379.7611327
INFO:root:large-104endTimestamp: 1685445394.855299
INFO:root:large-105startTimestamp: 1685445394.856299
INFO:root:large-105endTimestamp: 1685445406.7117882
INFO:root:large-106startTimestamp: 1685445406.7117882
INFO:root:large-106endTimestamp: 1685445420.3703935
INFO:root:large-107startTimestamp: 1685445420.3703935
INFO:root:large-107endTimestamp: 1685445440.038449
INFO:root:large-108startTimestamp: 1685445440.038449
INFO:root:large-108endTimestamp: 1685445457.6813667
INFO:root:large-109startTimestamp: 1685445457.6813667
INFO:root:large-109endTimestamp: 1685445474.7262027
INFO:root:large-11startTimestamp: 1685445474.7262027
INFO:root:large-11endTimestamp: 1685445491.1510184
INFO:root:large-110startTimestamp: 1685445491.1510184
INFO:root:large-110endTimestamp: 1685445510.0055318
INFO:root:large-111startTimestamp: 1685445510.0055318
INFO:root:large-111endTimestamp: 1685445524.319325
INFO:root:large-112startTimestamp: 1685445524.319325
INFO:root:large-112endTimestamp: 1685445537.59243
INFO:root:large-113startTimestamp: 1685445537.59243
INFO:root:large-113endTimestamp: 1685445552.1270456
INFO:root:large-114startTimestamp: 1685445552.1270456
INFO:root:large-114endTimestamp: 1685445568.4143488
INFO:root:large-115startTimestamp: 1685445568.415349
INFO:root:large-115endTimestamp: 1685445585.199821
INFO:root:large-116startTimestamp: 1685445585.200821
INFO:root:large-116endTimestamp: 1685445603.6593945
INFO:root:large-117startTimestamp: 1685445603.6593945
INFO:root:large-117endTimestamp: 1685445622.9978905
INFO:root:large-118startTimestamp: 1685445622.9978905
INFO:root:large-118endTimestamp: 1685445638.0833051
INFO:root:large-119startTimestamp: 1685445638.0843055
INFO:root:large-119endTimestamp: 1685445653.3593311
INFO:root:large-12startTimestamp: 1685445653.3593311
INFO:root:large-12endTimestamp: 1685445669.8489406
INFO:root:large-120startTimestamp: 1685445669.8499408
INFO:root:large-120endTimestamp: 1685445684.3259852
INFO:root:large-121startTimestamp: 1685445684.3259852
INFO:root:large-121endTimestamp: 1685445699.2972536
INFO:root:large-122startTimestamp: 1685445699.2972536
INFO:root:large-122endTimestamp: 1685445716.887846
INFO:root:large-123startTimestamp: 1685445716.888846
INFO:root:large-123endTimestamp: 1685445719.3211875
INFO:root:large-124startTimestamp: 1685445719.3211875
INFO:root:large-124endTimestamp: 1685445734.6292303
INFO:root:large-125startTimestamp: 1685445734.6292303
INFO:root:large-125endTimestamp: 1685445752.4866693
INFO:root:large-126startTimestamp: 1685445752.4866693
INFO:root:large-126endTimestamp: 1685445772.055944
INFO:root:large-127startTimestamp: 1685445772.055944
INFO:root:large-127endTimestamp: 1685445790.5155015
INFO:root:large-128startTimestamp: 1685445790.5155015
INFO:root:large-128endTimestamp: 1685445813.5996146
INFO:root:large-129startTimestamp: 1685445813.600615
INFO:root:large-129endTimestamp: 1685445827.4516265
INFO:root:large-13startTimestamp: 1685445827.4516265
INFO:root:large-13endTimestamp: 1685445857.3835816
INFO:root:large-130startTimestamp: 1685445857.3835816
INFO:root:large-130endTimestamp: 1685445881.5395057
INFO:root:large-131startTimestamp: 1685445881.5395057
INFO:root:large-131endTimestamp: 1685445888.8921115
INFO:root:large-132startTimestamp: 1685445888.8921115
INFO:root:large-132endTimestamp: 1685445909.8726451
INFO:root:large-133startTimestamp: 1685445909.8726451
INFO:root:large-133endTimestamp: 1685445939.8048587
INFO:root:large-134startTimestamp: 1685445939.8048587
INFO:root:large-134endTimestamp: 1685445955.037715
INFO:root:large-136startTimestamp: 1685445955.037715
INFO:root:large-136endTimestamp: 1685445985.1051593
INFO:root:large-137startTimestamp: 1685445985.1051593
INFO:root:large-137endTimestamp: 1685446012.0767388
INFO:root:large-138startTimestamp: 1685446012.0777621
INFO:root:large-138endTimestamp: 1685446035.119909
INFO:root:large-139startTimestamp: 1685446035.119909
INFO:root:large-139endTimestamp: 1685446046.4713583
INFO:root:large-14startTimestamp: 1685446046.4713583
INFO:root:large-14endTimestamp: 1685446069.1263378
INFO:root:large-140startTimestamp: 1685446069.1263378
INFO:root:large-140endTimestamp: 1685446085.4246845
INFO:root:large-141startTimestamp: 1685446085.4246845
INFO:root:large-141endTimestamp: 1685446103.8209088
INFO:root:large-142startTimestamp: 1685446103.8209088
INFO:root:large-142endTimestamp: 1685446122.5595384
INFO:root:large-143startTimestamp: 1685446122.5605404
INFO:root:large-143endTimestamp: 1685446141.583011
INFO:root:large-144startTimestamp: 1685446141.583011
INFO:root:large-144endTimestamp: 1685446159.4263103
INFO:root:large-145startTimestamp: 1685446159.4263103
INFO:root:large-145endTimestamp: 1685446174.7410107
INFO:root:large-146startTimestamp: 1685446174.7410107
INFO:root:large-146endTimestamp: 1685446190.0743172
INFO:root:large-147startTimestamp: 1685446190.0743172
INFO:root:large-147endTimestamp: 1685446201.3265605
INFO:root:large-148startTimestamp: 1685446201.3265605
INFO:root:large-148endTimestamp: 1685446216.628814
INFO:root:large-149startTimestamp: 1685446216.628814
INFO:root:large-149endTimestamp: 1685446216.742769
INFO:root:large-15startTimestamp: 1685446216.742769
INFO:root:large-15endTimestamp: 1685446233.3219352
INFO:root:large-150startTimestamp: 1685446233.3219352
INFO:root:large-150endTimestamp: 1685446252.3474793
INFO:root:large-151startTimestamp: 1685446252.3474793
INFO:root:large-151endTimestamp: 1685446261.3471596
INFO:root:large-152startTimestamp: 1685446261.3471596
INFO:root:large-152endTimestamp: 1685446276.8371615
INFO:root:large-153startTimestamp: 1685446276.8371615
INFO:root:large-153endTimestamp: 1685446293.7449324
INFO:root:large-154startTimestamp: 1685446293.7449324
INFO:root:large-154endTimestamp: 1685446311.1944213
INFO:root:large-155startTimestamp: 1685446311.1944213
INFO:root:large-155endTimestamp: 1685446325.7315562
INFO:root:large-156startTimestamp: 1685446325.7315562
INFO:root:large-156endTimestamp: 1685446338.3401847
INFO:root:large-157startTimestamp: 1685446338.3401847
INFO:root:large-157endTimestamp: 1685446352.716592
INFO:root:large-158startTimestamp: 1685446352.716592
INFO:root:large-158endTimestamp: 1685446353.475853
INFO:root:large-159startTimestamp: 1685446353.475853
INFO:root:large-159endTimestamp: 1685446367.010447
INFO:root:large-16startTimestamp: 1685446367.010447
INFO:root:large-16endTimestamp: 1685446386.004815
INFO:root:large-160startTimestamp: 1685446386.004815
INFO:root:large-160endTimestamp: 1685446404.8928714
INFO:root:large-161startTimestamp: 1685446404.8928714
INFO:root:large-161endTimestamp: 1685446415.32124
INFO:root:large-162startTimestamp: 1685446415.32124
INFO:root:large-162endTimestamp: 1685446433.7035234
INFO:root:large-163startTimestamp: 1685446433.7035234
INFO:root:large-163endTimestamp: 1685446450.876422
INFO:root:large-164startTimestamp: 1685446450.8774233
INFO:root:large-164endTimestamp: 1685446468.4765558
INFO:root:large-165startTimestamp: 1685446468.4765558
INFO:root:large-165endTimestamp: 1685446485.7758138
INFO:root:large-166startTimestamp: 1685446485.776874
INFO:root:large-166endTimestamp: 1685446502.3959208
INFO:root:large-167startTimestamp: 1685446502.3969293
INFO:root:large-167endTimestamp: 1685446520.4677866
INFO:root:large-168startTimestamp: 1685446520.4677866
INFO:root:large-168endTimestamp: 1685446539.6983843
INFO:root:large-169startTimestamp: 1685446539.6983843
INFO:root:large-169endTimestamp: 1685446557.3144875
INFO:root:large-17startTimestamp: 1685446557.3144875
INFO:root:large-17endTimestamp: 1685446565.7374775
INFO:root:large-170startTimestamp: 1685446565.7374775
INFO:root:large-170endTimestamp: 1685446584.5867062
INFO:root:large-171startTimestamp: 1685446584.5867062
INFO:root:large-171endTimestamp: 1685446587.4370708
INFO:root:large-172startTimestamp: 1685446587.4370708
INFO:root:large-172endTimestamp: 1685446605.9753673
INFO:root:large-173startTimestamp: 1685446605.9753673
INFO:root:large-173endTimestamp: 1685446615.5284793
INFO:root:large-174startTimestamp: 1685446615.5284793
INFO:root:large-174endTimestamp: 1685446622.1358078
INFO:root:large-175startTimestamp: 1685446622.1358078
INFO:root:large-175endTimestamp: 1685446630.955036
INFO:root:large-176startTimestamp: 1685446630.955036
INFO:root:large-176endTimestamp: 1685446645.4809892
INFO:root:large-177startTimestamp: 1685446645.4809892
INFO:root:large-177endTimestamp: 1685446664.394647
INFO:root:large-178startTimestamp: 1685446664.394647
INFO:root:large-178endTimestamp: 1685446671.7598243
INFO:root:large-179startTimestamp: 1685446671.7598243
INFO:root:large-179endTimestamp: 1685446691.0677595
INFO:root:large-18startTimestamp: 1685446691.0677595
INFO:root:large-18endTimestamp: 1685446709.6126668
INFO:root:large-180startTimestamp: 1685446709.6126668
INFO:root:large-180endTimestamp: 1685446728.5988405
INFO:root:large-181startTimestamp: 1685446728.5988405
INFO:root:large-181endTimestamp: 1685446747.1322858
INFO:root:large-182startTimestamp: 1685446747.1322858
INFO:root:large-182endTimestamp: 1685446761.5175335
INFO:root:large-183startTimestamp: 1685446761.5175335
INFO:root:large-183endTimestamp: 1685446774.8957822
INFO:root:large-184startTimestamp: 1685446774.8957822
INFO:root:large-184endTimestamp: 1685446789.655737
INFO:root:large-185startTimestamp: 1685446789.655737
INFO:root:large-185endTimestamp: 1685446804.8578103
INFO:root:large-186startTimestamp: 1685446804.8578103
INFO:root:large-186endTimestamp: 1685446823.334342
INFO:root:large-187startTimestamp: 1685446823.3356235
INFO:root:large-187endTimestamp: 1685446830.7341223
INFO:root:large-188startTimestamp: 1685446830.7341223
INFO:root:large-188endTimestamp: 1685446838.6674387
INFO:root:large-189startTimestamp: 1685446838.6684759
INFO:root:large-189endTimestamp: 1685446857.2299688
INFO:root:large-19startTimestamp: 1685446857.2299688
INFO:root:large-19endTimestamp: 1685446873.0635536
INFO:root:large-190startTimestamp: 1685446873.0647974
INFO:root:large-190endTimestamp: 1685446881.4568946
INFO:root:large-191startTimestamp: 1685446881.4568946
INFO:root:large-191endTimestamp: 1685446900.2532666
INFO:root:large-192startTimestamp: 1685446900.2532666
INFO:root:large-192endTimestamp: 1685446908.1711018
INFO:root:large-193startTimestamp: 1685446908.1711018
INFO:root:large-193endTimestamp: 1685446926.9383514
INFO:root:large-194startTimestamp: 1685446926.9383514
INFO:root:large-194endTimestamp: 1685446939.1205866
INFO:root:large-195startTimestamp: 1685446939.121589
INFO:root:large-195endTimestamp: 1685446954.38573
INFO:root:large-196startTimestamp: 1685446954.38573
INFO:root:large-196endTimestamp: 1685446972.4047909
INFO:root:large-197startTimestamp: 1685446972.4047909
INFO:root:large-197endTimestamp: 1685446989.597722
INFO:root:large-198startTimestamp: 1685446989.597722
INFO:root:large-198endTimestamp: 1685447003.5666044
INFO:root:large-199startTimestamp: 1685447003.5666044
INFO:root:large-199endTimestamp: 1685447022.4684918
INFO:root:large-2startTimestamp: 1685447022.4684918
INFO:root:large-2endTimestamp: 1685447039.7172854
INFO:root:large-20startTimestamp: 1685447039.7172854
INFO:root:large-20endTimestamp: 1685447058.575639
INFO:root:large-200startTimestamp: 1685447058.575639
INFO:root:large-200endTimestamp: 1685447074.703037
INFO:root:large-201startTimestamp: 1685447074.703037
INFO:root:large-201endTimestamp: 1685447090.1824281
INFO:root:large-202startTimestamp: 1685447090.1824281
INFO:root:large-202endTimestamp: 1685447107.5164416
INFO:root:large-203startTimestamp: 1685447107.5164416
INFO:root:large-203endTimestamp: 1685447126.2434566
INFO:root:large-204startTimestamp: 1685447126.2444646
INFO:root:large-204endTimestamp: 1685447143.5981357
INFO:root:large-205startTimestamp: 1685447143.5981357
INFO:root:large-205endTimestamp: 1685447162.6564631
INFO:root:large-206startTimestamp: 1685447162.6564631
INFO:root:large-206endTimestamp: 1685447177.9229743
INFO:root:large-207startTimestamp: 1685447177.9229743
INFO:root:large-207endTimestamp: 1685447182.2437816
INFO:root:large-209startTimestamp: 1685447182.2437816
INFO:root:large-209endTimestamp: 1685447201.2928548
INFO:root:large-21startTimestamp: 1685447201.2928548
INFO:root:large-21endTimestamp: 1685447214.6216915
INFO:root:large-210startTimestamp: 1685447214.6216915
INFO:root:large-210endTimestamp: 1685447233.473968
INFO:root:large-211startTimestamp: 1685447233.473968
INFO:root:large-211endTimestamp: 1685447252.4576275
INFO:root:large-212startTimestamp: 1685447252.4576275
INFO:root:large-212endTimestamp: 1685447271.133725
INFO:root:large-213startTimestamp: 1685447271.1347187
INFO:root:large-213endTimestamp: 1685447286.500359
INFO:root:large-214startTimestamp: 1685447286.500359
INFO:root:large-214endTimestamp: 1685447305.278284
INFO:root:large-215startTimestamp: 1685447305.278284
INFO:root:large-215endTimestamp: 1685447315.5485802
INFO:root:large-216startTimestamp: 1685447315.5495813
INFO:root:large-216endTimestamp: 1685447334.553611
INFO:root:large-217startTimestamp: 1685447334.553611
INFO:root:large-217endTimestamp: 1685447349.8721585
INFO:root:large-22startTimestamp: 1685447349.8721585
INFO:root:large-22endTimestamp: 1685447351.902373
INFO:root:large-220startTimestamp: 1685447351.9033751
INFO:root:large-220endTimestamp: 1685447370.409158
INFO:root:large-221startTimestamp: 1685447370.4102776
INFO:root:large-221endTimestamp: 1685447381.8483691
INFO:root:large-222startTimestamp: 1685447381.8483691
INFO:root:large-222endTimestamp: 1685447398.8740215
INFO:root:large-223startTimestamp: 1685447398.8740215
INFO:root:large-223endTimestamp: 1685447408.7463334
INFO:root:large-225startTimestamp: 1685447408.7463334
INFO:root:large-225endTimestamp: 1685447426.7020826
INFO:root:large-226startTimestamp: 1685447426.7020826
INFO:root:large-226endTimestamp: 1685447438.3593612
INFO:root:large-227startTimestamp: 1685447438.3593612
INFO:root:large-227endTimestamp: 1685447457.5035992
INFO:root:large-228startTimestamp: 1685447457.5035992
INFO:root:large-228endTimestamp: 1685447473.9355078
INFO:root:large-229startTimestamp: 1685447473.9355078
INFO:root:large-229endTimestamp: 1685447490.6421134
INFO:root:large-23startTimestamp: 1685447490.6421134
INFO:root:large-23endTimestamp: 1685447495.7851336
INFO:root:large-230startTimestamp: 1685447495.7862403
INFO:root:large-230endTimestamp: 1685447505.1409144
INFO:root:large-231startTimestamp: 1685447505.1419227
INFO:root:large-231endTimestamp: 1685447516.5698612
INFO:root:large-232startTimestamp: 1685447516.5698612
INFO:root:large-232endTimestamp: 1685447535.5069327
INFO:root:large-233startTimestamp: 1685447535.5069327
INFO:root:large-233endTimestamp: 1685447550.167965
INFO:root:large-234startTimestamp: 1685447550.167965
INFO:root:large-234endTimestamp: 1685447569.2579095
INFO:root:large-236startTimestamp: 1685447569.2579095
INFO:root:large-236endTimestamp: 1685447587.46548
INFO:root:large-237startTimestamp: 1685447587.4664764
INFO:root:large-237endTimestamp: 1685447606.420146
INFO:root:large-238startTimestamp: 1685447606.4211411
INFO:root:large-238endTimestamp: 1685447625.2055933
INFO:root:large-239startTimestamp: 1685447625.206593
INFO:root:large-239endTimestamp: 1685447637.1366808
INFO:root:large-24startTimestamp: 1685447637.1366808
INFO:root:large-24endTimestamp: 1685447649.6358635
INFO:root:large-240startTimestamp: 1685447649.6358635
INFO:root:large-240endTimestamp: 1685447668.4014733
INFO:root:large-241startTimestamp: 1685447668.4014733
INFO:root:large-241endTimestamp: 1685447673.7681797
INFO:root:large-242startTimestamp: 1685447673.7681797
INFO:root:large-242endTimestamp: 1685447691.4729006
INFO:root:large-25startTimestamp: 1685447691.473896
INFO:root:large-25endTimestamp: 1685447700.977056
INFO:root:large-26startTimestamp: 1685447700.977056
INFO:root:large-26endTimestamp: 1685447716.019242
INFO:root:large-27startTimestamp: 1685447716.019242
INFO:root:large-27endTimestamp: 1685447733.1078172
INFO:root:large-28startTimestamp: 1685447733.1078172
INFO:root:large-28endTimestamp: 1685447751.2802246
INFO:root:large-29startTimestamp: 1685447751.2802246
INFO:root:large-29endTimestamp: 1685447770.6277988
INFO:root:large-3startTimestamp: 1685447770.6277988
INFO:root:large-3endTimestamp: 1685447786.659013
INFO:root:large-30startTimestamp: 1685447786.660016
INFO:root:large-30endTimestamp: 1685447800.8444529
INFO:root:large-31startTimestamp: 1685447800.8444529
INFO:root:large-31endTimestamp: 1685447814.203466
INFO:root:large-32startTimestamp: 1685447814.203466
INFO:root:large-32endTimestamp: 1685447833.2773836
INFO:root:large-33startTimestamp: 1685447833.2773836
INFO:root:large-33endTimestamp: 1685447852.2856112
INFO:root:large-34startTimestamp: 1685447852.2856112
INFO:root:large-34endTimestamp: 1685447855.834718
INFO:root:large-35startTimestamp: 1685447855.834718
INFO:root:large-35endTimestamp: 1685447857.996487
INFO:root:large-36startTimestamp: 1685447857.996487
INFO:root:large-36endTimestamp: 1685447869.3238523
INFO:root:large-37startTimestamp: 1685447869.3238523
INFO:root:large-37endTimestamp: 1685447885.9791572
INFO:root:large-38startTimestamp: 1685447885.9791572
INFO:root:large-38endTimestamp: 1685447893.3802252
INFO:root:large-39startTimestamp: 1685447893.3802252
INFO:root:large-39endTimestamp: 1685447910.268227
INFO:root:large-4startTimestamp: 1685447910.268227
INFO:root:large-4endTimestamp: 1685447925.9930763
INFO:root:large-40startTimestamp: 1685447925.9930763
INFO:root:large-40endTimestamp: 1685447938.928022
INFO:root:large-41startTimestamp: 1685447938.928022
INFO:root:large-41endTimestamp: 1685447952.5320272
INFO:root:large-42startTimestamp: 1685447952.5320272
INFO:root:large-42endTimestamp: 1685447964.7279215
INFO:root:large-43startTimestamp: 1685447964.7279215
INFO:root:large-43endTimestamp: 1685447974.2396677
INFO:root:large-44startTimestamp: 1685447974.2396677
INFO:root:large-44endTimestamp: 1685447981.1450415
INFO:root:large-45startTimestamp: 1685447981.1450415
INFO:root:large-45endTimestamp: 1685447998.3927722
INFO:root:large-46startTimestamp: 1685447998.3927722
INFO:root:large-46endTimestamp: 1685448013.1811237
INFO:root:large-47startTimestamp: 1685448013.1811237
INFO:root:large-47endTimestamp: 1685448018.2827306
INFO:root:large-48startTimestamp: 1685448018.2827306
INFO:root:large-48endTimestamp: 1685448033.7411485
INFO:root:large-49startTimestamp: 1685448033.7411485
INFO:root:large-49endTimestamp: 1685448048.9707584
INFO:root:large-5startTimestamp: 1685448048.9707584
INFO:root:large-5endTimestamp: 1685448068.0572934
INFO:root:large-50startTimestamp: 1685448068.0572934
INFO:root:large-50endTimestamp: 1685448083.342828
INFO:root:large-51startTimestamp: 1685448083.342828
INFO:root:large-51endTimestamp: 1685448086.2604573
INFO:root:large-52startTimestamp: 1685448086.2604573
INFO:root:large-52endTimestamp: 1685448103.693401
INFO:root:large-53startTimestamp: 1685448103.694404
INFO:root:large-53endTimestamp: 1685448120.9646163
INFO:root:large-54startTimestamp: 1685448120.9646163
INFO:root:large-54endTimestamp: 1685448129.5308933
INFO:root:large-55startTimestamp: 1685448129.5308933
INFO:root:large-55endTimestamp: 1685448144.9080093
INFO:root:large-56startTimestamp: 1685448144.9080093
INFO:root:large-56endTimestamp: 1685448154.0961945
INFO:root:large-57startTimestamp: 1685448154.0961945
INFO:root:large-57endTimestamp: 1685448165.4175212
INFO:root:large-58startTimestamp: 1685448165.4185233
INFO:root:large-58endTimestamp: 1685448180.921279
INFO:root:large-59startTimestamp: 1685448180.921279
INFO:root:large-59endTimestamp: 1685448200.1529932
INFO:root:large-6startTimestamp: 1685448200.1529932
INFO:root:large-6endTimestamp: 1685448204.0354247
INFO:root:large-60startTimestamp: 1685448204.0354247
INFO:root:large-60endTimestamp: 1685448220.7279356
INFO:root:large-61startTimestamp: 1685448220.7279356
INFO:root:large-61endTimestamp: 1685448222.480123
INFO:root:large-62startTimestamp: 1685448222.480123
INFO:root:large-62endTimestamp: 1685448237.719123
INFO:root:large-63startTimestamp: 1685448237.719123
INFO:root:large-63endTimestamp: 1685448251.1543028
INFO:root:large-64startTimestamp: 1685448251.1543028
INFO:root:large-64endTimestamp: 1685448270.3924258
INFO:root:large-65startTimestamp: 1685448270.3934271
INFO:root:large-65endTimestamp: 1685448283.181238
INFO:root:large-66startTimestamp: 1685448283.181238
INFO:root:large-66endTimestamp: 1685448301.4830678
INFO:root:large-67startTimestamp: 1685448301.4830678
INFO:root:large-67endTimestamp: 1685448317.3922207
INFO:root:large-68startTimestamp: 1685448317.3922207
INFO:root:large-68endTimestamp: 1685448336.2387812
INFO:root:large-69startTimestamp: 1685448336.2387812
INFO:root:large-69endTimestamp: 1685448353.3832996
INFO:root:large-7startTimestamp: 1685448353.3832996
INFO:root:large-7endTimestamp: 1685448361.395781
INFO:root:large-70startTimestamp: 1685448361.395781
INFO:root:large-70endTimestamp: 1685448380.278273
INFO:root:large-71startTimestamp: 1685448380.278273
INFO:root:large-71endTimestamp: 1685448399.1515934
INFO:root:large-72startTimestamp: 1685448399.1515934
INFO:root:large-72endTimestamp: 1685448412.2208002
INFO:root:large-73startTimestamp: 1685448412.2208002
INFO:root:large-73endTimestamp: 1685448412.3345177
INFO:root:large-74startTimestamp: 1685448412.3345177
INFO:root:large-74endTimestamp: 1685448430.546156
INFO:root:large-75startTimestamp: 1685448430.546156
INFO:root:large-75endTimestamp: 1685448448.4439702
INFO:root:large-76startTimestamp: 1685448448.4439702
INFO:root:large-76endTimestamp: 1685448453.3350515
INFO:root:large-77startTimestamp: 1685448453.3350515
INFO:root:large-77endTimestamp: 1685448468.6317747
INFO:root:large-78startTimestamp: 1685448468.632773
INFO:root:large-78endTimestamp: 1685448487.4845512
INFO:root:large-79startTimestamp: 1685448487.4845512
INFO:root:large-79endTimestamp: 1685448504.0790577
INFO:root:large-8startTimestamp: 1685448504.0790577
INFO:root:large-8endTimestamp: 1685448505.5757794
INFO:root:large-80startTimestamp: 1685448505.5757794
INFO:root:large-80endTimestamp: 1685448515.1798584
INFO:root:large-81startTimestamp: 1685448515.1798584
INFO:root:large-81endTimestamp: 1685448532.9882011
INFO:root:large-82startTimestamp: 1685448532.9882011
INFO:root:large-82endTimestamp: 1685448547.2069445
INFO:root:large-83startTimestamp: 1685448547.2069445
INFO:root:large-83endTimestamp: 1685448565.2578037
INFO:root:large-84startTimestamp: 1685448565.258806
INFO:root:large-84endTimestamp: 1685448582.3741834
INFO:root:large-85startTimestamp: 1685448582.3741834
INFO:root:large-85endTimestamp: 1685448599.1230474
INFO:root:large-86startTimestamp: 1685448599.1230474
INFO:root:large-86endTimestamp: 1685448617.3362527
INFO:root:large-87startTimestamp: 1685448617.3362527
INFO:root:large-87endTimestamp: 1685448633.2387526
INFO:root:large-88startTimestamp: 1685448633.2387526
INFO:root:large-88endTimestamp: 1685448652.1460946
INFO:root:large-89startTimestamp: 1685448652.1460946
INFO:root:large-89endTimestamp: 1685448670.7131758
INFO:root:large-9startTimestamp: 1685448670.714392
INFO:root:large-9endTimestamp: 1685448689.6064
INFO:root:large-90startTimestamp: 1685448689.6074467
INFO:root:large-90endTimestamp: 1685448706.2727156
INFO:root:large-91startTimestamp: 1685448706.2727156
INFO:root:large-91endTimestamp: 1685448723.3288593
INFO:root:large-92startTimestamp: 1685448723.3288593
INFO:root:large-92endTimestamp: 1685448728.4313986
INFO:root:large-93startTimestamp: 1685448728.4313986
INFO:root:large-93endTimestamp: 1685448741.839104
INFO:root:large-94startTimestamp: 1685448741.839104
INFO:root:large-94endTimestamp: 1685448758.1379716
INFO:root:large-95startTimestamp: 1685448758.1379716
INFO:root:large-95endTimestamp: 1685448773.301133
INFO:root:large-96startTimestamp: 1685448773.301133
INFO:root:large-96endTimestamp: 1685448787.732782
INFO:root:large-97startTimestamp: 1685448787.732782
INFO:root:large-97endTimestamp: 1685448806.2473116
INFO:root:large-98startTimestamp: 1685448806.2483106
INFO:root:large-98endTimestamp: 1685448825.1578043
INFO:root:large-99startTimestamp: 1685448825.1578043
INFO:root:large-99endTimestamp: 1685448843.0023913
INFO:root:medium-1startTimestamp: 1685448843.0023913
INFO:root:medium-1endTimestamp: 1685448844.466083
INFO:root:medium-10startTimestamp: 1685448844.466083
INFO:root:medium-10endTimestamp: 1685448847.0969238
INFO:root:medium-100startTimestamp: 1685448847.0969238
INFO:root:medium-100endTimestamp: 1685448848.6463182
INFO:root:medium-101startTimestamp: 1685448848.6463182
INFO:root:medium-101endTimestamp: 1685448851.5908973
INFO:root:medium-102startTimestamp: 1685448851.5908973
INFO:root:medium-102endTimestamp: 1685448854.2381954
INFO:root:medium-103startTimestamp: 1685448854.2381954
INFO:root:medium-103endTimestamp: 1685448854.981168
INFO:root:medium-104startTimestamp: 1685448854.981168
INFO:root:medium-104endTimestamp: 1685448856.8188248
INFO:root:medium-105startTimestamp: 1685448856.8198278
INFO:root:medium-105endTimestamp: 1685448857.5591092
INFO:root:medium-106startTimestamp: 1685448857.5591092
INFO:root:medium-106endTimestamp: 1685448859.6964138
INFO:root:medium-107startTimestamp: 1685448859.6964138
INFO:root:medium-107endTimestamp: 1685448862.263824
INFO:root:medium-108startTimestamp: 1685448862.263824
INFO:root:medium-108endTimestamp: 1685448864.0008442
INFO:root:medium-109startTimestamp: 1685448864.0018468
INFO:root:medium-109endTimestamp: 1685448866.514758
INFO:root:medium-11startTimestamp: 1685448866.514758
INFO:root:medium-11endTimestamp: 1685448869.1890175
INFO:root:medium-110startTimestamp: 1685448869.1890175
INFO:root:medium-110endTimestamp: 1685448871.6196637
INFO:root:medium-111startTimestamp: 1685448871.6196637
INFO:root:medium-111endTimestamp: 1685448873.7131293
INFO:root:medium-112startTimestamp: 1685448873.714131
INFO:root:medium-112endTimestamp: 1685448874.506301
INFO:root:medium-113startTimestamp: 1685448874.506301
INFO:root:medium-113endTimestamp: 1685448876.6140597
INFO:root:medium-114startTimestamp: 1685448876.6140597
INFO:root:medium-114endTimestamp: 1685448878.9353075
INFO:root:medium-115startTimestamp: 1685448878.9353075
INFO:root:medium-115endTimestamp: 1685448881.116858
INFO:root:medium-116startTimestamp: 1685448881.116858
INFO:root:medium-116endTimestamp: 1685448883.871618
INFO:root:medium-117startTimestamp: 1685448883.871618
INFO:root:medium-117endTimestamp: 1685448886.3557534
INFO:root:medium-118startTimestamp: 1685448886.3557534
INFO:root:medium-118endTimestamp: 1685448888.6850827
INFO:root:medium-119startTimestamp: 1685448888.6850827
INFO:root:medium-119endTimestamp: 1685448891.019075
INFO:root:medium-12startTimestamp: 1685448891.0200834
INFO:root:medium-12endTimestamp: 1685448892.48943
INFO:root:medium-120startTimestamp: 1685448892.48943
INFO:root:medium-120endTimestamp: 1685448894.2414336
INFO:root:medium-121startTimestamp: 1685448894.2414336
INFO:root:medium-121endTimestamp: 1685448895.9790041
INFO:root:medium-122startTimestamp: 1685448895.9790041
INFO:root:medium-122endTimestamp: 1685448896.451812
INFO:root:medium-123startTimestamp: 1685448896.451812
INFO:root:medium-123endTimestamp: 1685448897.9464066
INFO:root:medium-124startTimestamp: 1685448897.9464066
INFO:root:medium-124endTimestamp: 1685448900.2880046
INFO:root:medium-125startTimestamp: 1685448900.2880046
INFO:root:medium-125endTimestamp: 1685448903.0186567
INFO:root:medium-126startTimestamp: 1685448903.0186567
INFO:root:medium-126endTimestamp: 1685448904.7785428
INFO:root:medium-127startTimestamp: 1685448904.7785428
INFO:root:medium-127endTimestamp: 1685448906.3433886
INFO:root:medium-128startTimestamp: 1685448906.3433886
INFO:root:medium-128endTimestamp: 1685448907.5685968
INFO:root:medium-129startTimestamp: 1685448907.5685968
INFO:root:medium-129endTimestamp: 1685448909.4383442
INFO:root:medium-13startTimestamp: 1685448909.4383442
INFO:root:medium-13endTimestamp: 1685448910.481073
INFO:root:medium-130startTimestamp: 1685448910.481073
INFO:root:medium-130endTimestamp: 1685448913.372633
INFO:root:medium-131startTimestamp: 1685448913.3736343
INFO:root:medium-131endTimestamp: 1685448914.7372122
INFO:root:medium-132startTimestamp: 1685448914.7372122
INFO:root:medium-132endTimestamp: 1685448915.34067
INFO:root:medium-133startTimestamp: 1685448915.34067
INFO:root:medium-133endTimestamp: 1685448917.223011
INFO:root:medium-134startTimestamp: 1685448917.223011
INFO:root:medium-134endTimestamp: 1685448918.6766694
INFO:root:medium-135startTimestamp: 1685448918.6766694
INFO:root:medium-135endTimestamp: 1685448920.876022
INFO:root:medium-136startTimestamp: 1685448920.877023
INFO:root:medium-136endTimestamp: 1685448923.7041018
INFO:root:medium-137startTimestamp: 1685448923.7051046
INFO:root:medium-137endTimestamp: 1685448926.5820236
INFO:root:medium-138startTimestamp: 1685448926.5820236
INFO:root:medium-138endTimestamp: 1685448929.4861445
INFO:root:medium-139startTimestamp: 1685448929.4871461
INFO:root:medium-139endTimestamp: 1685448930.9160204
INFO:root:medium-14startTimestamp: 1685448930.9160204
INFO:root:medium-14endTimestamp: 1685448933.0722873
INFO:root:medium-140startTimestamp: 1685448933.0722873
INFO:root:medium-140endTimestamp: 1685448936.1124885
INFO:root:medium-141startTimestamp: 1685448936.1124885
INFO:root:medium-141endTimestamp: 1685448938.919705
INFO:root:medium-142startTimestamp: 1685448938.919705
INFO:root:medium-142endTimestamp: 1685448941.5570366
INFO:root:medium-143startTimestamp: 1685448941.5570366
INFO:root:medium-143endTimestamp: 1685448944.366898
INFO:root:medium-144startTimestamp: 1685448944.366898
INFO:root:medium-144endTimestamp: 1685448947.0142286
INFO:root:medium-145startTimestamp: 1685448947.0142286
INFO:root:medium-145endTimestamp: 1685448949.360669
INFO:root:medium-146startTimestamp: 1685448949.360669
INFO:root:medium-146endTimestamp: 1685448951.8210325
INFO:root:medium-147startTimestamp: 1685448951.8220413
INFO:root:medium-147endTimestamp: 1685448953.5978963
INFO:root:medium-148startTimestamp: 1685448953.5978963
INFO:root:medium-148endTimestamp: 1685448955.9871497
INFO:root:medium-149startTimestamp: 1685448955.9871497
INFO:root:medium-149endTimestamp: 1685448956.9357848
INFO:root:medium-15startTimestamp: 1685448956.9357848
INFO:root:medium-15endTimestamp: 1685448959.5303726
INFO:root:medium-150startTimestamp: 1685448959.5303726
INFO:root:medium-150endTimestamp: 1685448962.5094888
INFO:root:medium-151startTimestamp: 1685448962.5094888
INFO:root:medium-151endTimestamp: 1685448964.0581558
INFO:root:medium-152startTimestamp: 1685448964.0591578
INFO:root:medium-152endTimestamp: 1685448966.4407744
INFO:root:medium-153startTimestamp: 1685448966.4407744
INFO:root:medium-153endTimestamp: 1685448969.056447
INFO:root:medium-154startTimestamp: 1685448969.056447
INFO:root:medium-154endTimestamp: 1685448971.770225
INFO:root:medium-155startTimestamp: 1685448971.770225
INFO:root:medium-155endTimestamp: 1685448973.984181
INFO:root:medium-156startTimestamp: 1685448973.984181
INFO:root:medium-156endTimestamp: 1685448976.3967144
INFO:root:medium-157startTimestamp: 1685448976.3967144
INFO:root:medium-157endTimestamp: 1685448978.3722415
INFO:root:medium-158startTimestamp: 1685448978.3722415
INFO:root:medium-158endTimestamp: 1685448980.318007
INFO:root:medium-159startTimestamp: 1685448980.318007
INFO:root:medium-159endTimestamp: 1685448982.56476
INFO:root:medium-16startTimestamp: 1685448982.56476
INFO:root:medium-16endTimestamp: 1685448985.463223
INFO:root:medium-160startTimestamp: 1685448985.463223
INFO:root:medium-160endTimestamp: 1685448988.3512287
INFO:root:medium-161startTimestamp: 1685448988.3512287
INFO:root:medium-161endTimestamp: 1685448990.037639
INFO:root:medium-162startTimestamp: 1685448990.037639
INFO:root:medium-162endTimestamp: 1685448991.2203476
INFO:root:medium-163startTimestamp: 1685448991.2203476
INFO:root:medium-163endTimestamp: 1685448992.8241954
INFO:root:medium-164startTimestamp: 1685448992.8241954
INFO:root:medium-164endTimestamp: 1685448995.7615366
INFO:root:medium-165startTimestamp: 1685448995.7615366
INFO:root:medium-165endTimestamp: 1685448998.401252
INFO:root:medium-166startTimestamp: 1685448998.401252
INFO:root:medium-166endTimestamp: 1685448998.7072172
INFO:root:medium-167startTimestamp: 1685448998.7072172
INFO:root:medium-167endTimestamp: 1685449001.4440606
INFO:root:medium-168startTimestamp: 1685449001.4440606
INFO:root:medium-168endTimestamp: 1685449004.3791962
INFO:root:medium-169startTimestamp: 1685449004.3791962
INFO:root:medium-169endTimestamp: 1685449005.4744437
INFO:root:medium-17startTimestamp: 1685449005.4744437
INFO:root:medium-17endTimestamp: 1685449006.9643388
INFO:root:medium-170startTimestamp: 1685449006.9643388
INFO:root:medium-170endTimestamp: 1685449009.0841794
INFO:root:medium-171startTimestamp: 1685449009.0841794
INFO:root:medium-171endTimestamp: 1685449009.5266888
INFO:root:medium-172startTimestamp: 1685449009.5266888
INFO:root:medium-172endTimestamp: 1685449012.406094
INFO:root:medium-173startTimestamp: 1685449012.406094
INFO:root:medium-173endTimestamp: 1685449014.1712878
INFO:root:medium-174startTimestamp: 1685449014.1722906
INFO:root:medium-174endTimestamp: 1685449016.1018384
INFO:root:medium-175startTimestamp: 1685449016.1018384
INFO:root:medium-175endTimestamp: 1685449017.2728233
INFO:root:medium-176startTimestamp: 1685449017.2728233
INFO:root:medium-176endTimestamp: 1685449019.0053475
INFO:root:medium-177startTimestamp: 1685449019.0053475
INFO:root:medium-177endTimestamp: 1685449021.9052846
INFO:root:medium-178startTimestamp: 1685449021.9052846
INFO:root:medium-178endTimestamp: 1685449022.9127593
INFO:root:medium-179startTimestamp: 1685449022.9127593
INFO:root:medium-179endTimestamp: 1685449024.9128397
INFO:root:medium-18startTimestamp: 1685449024.9128397
INFO:root:medium-18endTimestamp: 1685449027.7235377
INFO:root:medium-180startTimestamp: 1685449027.7240438
INFO:root:medium-180endTimestamp: 1685449028.8107407
INFO:root:medium-181startTimestamp: 1685449028.8107407
INFO:root:medium-181endTimestamp: 1685449031.556294
INFO:root:medium-182startTimestamp: 1685449031.556294
INFO:root:medium-182endTimestamp: 1685449033.8601656
INFO:root:medium-183startTimestamp: 1685449033.8601656
INFO:root:medium-183endTimestamp: 1685449036.553145
INFO:root:medium-184startTimestamp: 1685449036.553145
INFO:root:medium-184endTimestamp: 1685449039.3160348
INFO:root:medium-185startTimestamp: 1685449039.3160348
INFO:root:medium-185endTimestamp: 1685449042.2230895
INFO:root:medium-186startTimestamp: 1685449042.2241004
INFO:root:medium-186endTimestamp: 1685449044.3848345
INFO:root:medium-187startTimestamp: 1685449044.3848345
INFO:root:medium-187endTimestamp: 1685449045.4157302
INFO:root:medium-188startTimestamp: 1685449045.4157302
INFO:root:medium-188endTimestamp: 1685449048.0546608
INFO:root:medium-189startTimestamp: 1685449048.0546608
INFO:root:medium-189endTimestamp: 1685449050.8948426
INFO:root:medium-19startTimestamp: 1685449050.8948426
INFO:root:medium-19endTimestamp: 1685449053.3744605
INFO:root:medium-190startTimestamp: 1685449053.3754616
INFO:root:medium-190endTimestamp: 1685449053.9035804
INFO:root:medium-191startTimestamp: 1685449053.9035804
INFO:root:medium-191endTimestamp: 1685449056.79426
INFO:root:medium-192startTimestamp: 1685449056.79426
INFO:root:medium-192endTimestamp: 1685449059.45381
INFO:root:medium-193startTimestamp: 1685449059.45381
INFO:root:medium-193endTimestamp: 1685449061.6492634
INFO:root:medium-194startTimestamp: 1685449061.6492634
INFO:root:medium-194endTimestamp: 1685449063.2501976
INFO:root:medium-195startTimestamp: 1685449063.2501976
INFO:root:medium-195endTimestamp: 1685449065.8967414
INFO:root:medium-196startTimestamp: 1685449065.8977425
INFO:root:medium-196endTimestamp: 1685449068.3428977
INFO:root:medium-197startTimestamp: 1685449068.3428977
INFO:root:medium-197endTimestamp: 1685449070.9955535
INFO:root:medium-198startTimestamp: 1685449070.9965556
INFO:root:medium-198endTimestamp: 1685449073.2446353
INFO:root:medium-199startTimestamp: 1685449073.2446353
INFO:root:medium-199endTimestamp: 1685449075.5916514
INFO:root:medium-2startTimestamp: 1685449075.5916514
INFO:root:medium-2endTimestamp: 1685449078.190677
INFO:root:medium-20startTimestamp: 1685449078.190677
INFO:root:medium-20endTimestamp: 1685449079.6404324
INFO:root:medium-200startTimestamp: 1685449079.6404324
INFO:root:medium-200endTimestamp: 1685449081.5419161
INFO:root:medium-201startTimestamp: 1685449081.5419161
INFO:root:medium-201endTimestamp: 1685449083.9153516
INFO:root:medium-202startTimestamp: 1685449083.9153516
INFO:root:medium-202endTimestamp: 1685449086.630284
INFO:root:medium-203startTimestamp: 1685449086.630284
INFO:root:medium-203endTimestamp: 1685449088.3175879
INFO:root:medium-204startTimestamp: 1685449088.3175879
INFO:root:medium-204endTimestamp: 1685449091.218997
INFO:root:medium-205startTimestamp: 1685449091.218997
INFO:root:medium-205endTimestamp: 1685449093.568959
INFO:root:medium-206startTimestamp: 1685449093.568959
INFO:root:medium-206endTimestamp: 1685449094.725592
INFO:root:medium-207startTimestamp: 1685449094.725592
INFO:root:medium-207endTimestamp: 1685449094.8135638
INFO:root:medium-208startTimestamp: 1685449094.8135638
INFO:root:medium-208endTimestamp: 1685449097.7035491
INFO:root:medium-209startTimestamp: 1685449097.7035491
INFO:root:medium-209endTimestamp: 1685449099.8977034
INFO:root:medium-21startTimestamp: 1685449099.8977034
INFO:root:medium-21endTimestamp: 1685449101.359052
INFO:root:medium-210startTimestamp: 1685449101.360054
INFO:root:medium-210endTimestamp: 1685449104.1980743
INFO:root:medium-211startTimestamp: 1685449104.1980743
INFO:root:medium-211endTimestamp: 1685449105.285963
INFO:root:medium-212startTimestamp: 1685449105.285963
INFO:root:medium-212endTimestamp: 1685449107.4990003
INFO:root:medium-213startTimestamp: 1685449107.4990003
INFO:root:medium-213endTimestamp: 1685449109.8394182
INFO:root:medium-214startTimestamp: 1685449109.8394182
INFO:root:medium-214endTimestamp: 1685449112.0573375
INFO:root:medium-215startTimestamp: 1685449112.0573375
INFO:root:medium-215endTimestamp: 1685449114.9219954
INFO:root:medium-216startTimestamp: 1685449114.9219954
INFO:root:medium-216endTimestamp: 1685449117.8390143
INFO:root:medium-217startTimestamp: 1685449117.840027
INFO:root:medium-217endTimestamp: 1685449120.7712014
INFO:root:medium-218startTimestamp: 1685449120.7712014
INFO:root:medium-218endTimestamp: 1685449123.3695266
INFO:root:medium-22startTimestamp: 1685449123.3695266
INFO:root:medium-22endTimestamp: 1685449125.5925026
INFO:root:medium-220startTimestamp: 1685449125.5925026
INFO:root:medium-220endTimestamp: 1685449128.334719
INFO:root:medium-221startTimestamp: 1685449128.334719
INFO:root:medium-221endTimestamp: 1685449130.1442466
INFO:root:medium-222startTimestamp: 1685449130.1442466
INFO:root:medium-222endTimestamp: 1685449132.4374201
INFO:root:medium-223startTimestamp: 1685449132.4374201
INFO:root:medium-223endTimestamp: 1685449133.1960154
INFO:root:medium-224startTimestamp: 1685449133.1960154
INFO:root:medium-224endTimestamp: 1685449135.3951604
INFO:root:medium-226startTimestamp: 1685449135.3951604
INFO:root:medium-226endTimestamp: 1685449137.1903074
INFO:root:medium-227startTimestamp: 1685449137.1903074
INFO:root:medium-227endTimestamp: 1685449140.0030274
INFO:root:medium-228startTimestamp: 1685449140.0030274
INFO:root:medium-228endTimestamp: 1685449142.9280987
INFO:root:medium-229startTimestamp: 1685449142.9280987
INFO:root:medium-229endTimestamp: 1685449145.5731568
INFO:root:medium-23startTimestamp: 1685449145.5731568
INFO:root:medium-23endTimestamp: 1685449145.861747
INFO:root:medium-230startTimestamp: 1685449145.861747
INFO:root:medium-230endTimestamp: 1685449146.3996944
INFO:root:medium-231startTimestamp: 1685449146.3996944
INFO:root:medium-231endTimestamp: 1685449147.2770572
INFO:root:medium-232startTimestamp: 1685449147.2770572
INFO:root:medium-232endTimestamp: 1685449150.173765
INFO:root:medium-233startTimestamp: 1685449150.173765
INFO:root:medium-233endTimestamp: 1685449151.1075287
INFO:root:medium-234startTimestamp: 1685449151.1075287
INFO:root:medium-234endTimestamp: 1685449153.1785939
INFO:root:medium-235startTimestamp: 1685449153.1785939
INFO:root:medium-235endTimestamp: 1685449154.2111309
INFO:root:medium-236startTimestamp: 1685449154.2111309
INFO:root:medium-236endTimestamp: 1685449156.9956656
INFO:root:medium-237startTimestamp: 1685449156.9956656
INFO:root:medium-237endTimestamp: 1685449159.5680466
INFO:root:medium-238startTimestamp: 1685449159.5680466
INFO:root:medium-238endTimestamp: 1685449162.6795204
INFO:root:medium-239startTimestamp: 1685449162.6795204
INFO:root:medium-239endTimestamp: 1685449163.9573717
INFO:root:medium-24startTimestamp: 1685449163.9573717
INFO:root:medium-24endTimestamp: 1685449166.8660085
INFO:root:medium-240startTimestamp: 1685449166.8660085
INFO:root:medium-240endTimestamp: 1685449169.7408967
INFO:root:medium-241startTimestamp: 1685449169.7408967
INFO:root:medium-241endTimestamp: 1685449172.5290377
INFO:root:medium-242startTimestamp: 1685449172.5290377
INFO:root:medium-242endTimestamp: 1685449173.9870574
INFO:root:medium-25startTimestamp: 1685449173.9870574
INFO:root:medium-25endTimestamp: 1685449175.4775817
INFO:root:medium-26startTimestamp: 1685449175.478582
INFO:root:medium-26endTimestamp: 1685449178.3480399
INFO:root:medium-27startTimestamp: 1685449178.3480399
INFO:root:medium-27endTimestamp: 1685449180.4050348
INFO:root:medium-28startTimestamp: 1685449180.4050348
INFO:root:medium-28endTimestamp: 1685449183.0152
INFO:root:medium-29startTimestamp: 1685449183.0152
INFO:root:medium-29endTimestamp: 1685449185.9722288
INFO:root:medium-3startTimestamp: 1685449185.9722288
INFO:root:medium-3endTimestamp: 1685449188.4712636
INFO:root:medium-30startTimestamp: 1685449188.4712636
INFO:root:medium-30endTimestamp: 1685449191.1270108
INFO:root:medium-31startTimestamp: 1685449191.1270108
INFO:root:medium-31endTimestamp: 1685449192.136898
INFO:root:medium-32startTimestamp: 1685449192.136898
INFO:root:medium-32endTimestamp: 1685449195.0955093
INFO:root:medium-33startTimestamp: 1685449195.0955093
INFO:root:medium-33endTimestamp: 1685449198.010853
INFO:root:medium-34startTimestamp: 1685449198.010853
INFO:root:medium-34endTimestamp: 1685449199.5686505
INFO:root:medium-35startTimestamp: 1685449199.5686505
INFO:root:medium-35endTimestamp: 1685449200.5790677
INFO:root:medium-36startTimestamp: 1685449200.5801294
INFO:root:medium-36endTimestamp: 1685449201.9195206
INFO:root:medium-37startTimestamp: 1685449201.9195206
INFO:root:medium-37endTimestamp: 1685449204.7956965
INFO:root:medium-38startTimestamp: 1685449204.7956965
INFO:root:medium-38endTimestamp: 1685449206.5221994
INFO:root:medium-39startTimestamp: 1685449206.5221994
INFO:root:medium-39endTimestamp: 1685449208.2288818
INFO:root:medium-4startTimestamp: 1685449208.2288818
INFO:root:medium-4endTimestamp: 1685449208.953279
INFO:root:medium-40startTimestamp: 1685449208.9543476
INFO:root:medium-40endTimestamp: 1685449210.955679
INFO:root:medium-41startTimestamp: 1685449210.955679
INFO:root:medium-41endTimestamp: 1685449211.8319368
INFO:root:medium-42startTimestamp: 1685449211.832939
INFO:root:medium-42endTimestamp: 1685449214.448993
INFO:root:medium-43startTimestamp: 1685449214.448993
INFO:root:medium-43endTimestamp: 1685449215.6218498
INFO:root:medium-44startTimestamp: 1685449215.6218498
INFO:root:medium-44endTimestamp: 1685449216.18875
INFO:root:medium-45startTimestamp: 1685449216.18875
INFO:root:medium-45endTimestamp: 1685449218.989034
INFO:root:medium-46startTimestamp: 1685449218.990033
INFO:root:medium-46endTimestamp: 1685449220.0206208
INFO:root:medium-47startTimestamp: 1685449220.0206208
INFO:root:medium-47endTimestamp: 1685449220.649468
INFO:root:medium-48startTimestamp: 1685449220.649468
INFO:root:medium-48endTimestamp: 1685449223.3267658
INFO:root:medium-49startTimestamp: 1685449223.3267658
INFO:root:medium-49endTimestamp: 1685449224.274741
INFO:root:medium-5startTimestamp: 1685449224.274741
INFO:root:medium-5endTimestamp: 1685449226.8618176
INFO:root:medium-50startTimestamp: 1685449226.8618176
INFO:root:medium-50endTimestamp: 1685449228.7610142
INFO:root:medium-51startTimestamp: 1685449228.7610142
INFO:root:medium-51endTimestamp: 1685449230.7360494
INFO:root:medium-52startTimestamp: 1685449230.7360494
INFO:root:medium-52endTimestamp: 1685449233.3823273
INFO:root:medium-53startTimestamp: 1685449233.3823273
INFO:root:medium-53endTimestamp: 1685449236.0477304
INFO:root:medium-54startTimestamp: 1685449236.0477304
INFO:root:medium-54endTimestamp: 1685449237.3847184
INFO:root:medium-55startTimestamp: 1685449237.3847184
INFO:root:medium-55endTimestamp: 1685449240.3372018
INFO:root:medium-56startTimestamp: 1685449240.3372018
INFO:root:medium-56endTimestamp: 1685449240.4727871
INFO:root:medium-57startTimestamp: 1685449240.4727871
INFO:root:medium-57endTimestamp: 1685449241.9057398
INFO:root:medium-58startTimestamp: 1685449241.9057398
INFO:root:medium-58endTimestamp: 1685449244.3251488
INFO:root:medium-59startTimestamp: 1685449244.3251488
INFO:root:medium-59endTimestamp: 1685449247.0246348
INFO:root:medium-6startTimestamp: 1685449247.0246348
INFO:root:medium-6endTimestamp: 1685449247.2925239
INFO:root:medium-60startTimestamp: 1685449247.2925239
INFO:root:medium-60endTimestamp: 1685449247.9815714
INFO:root:medium-61startTimestamp: 1685449247.9815714
INFO:root:medium-61endTimestamp: 1685449249.1316226
INFO:root:medium-62startTimestamp: 1685449249.1316226
INFO:root:medium-62endTimestamp: 1685449251.500359
INFO:root:medium-63startTimestamp: 1685449251.5013564
INFO:root:medium-63endTimestamp: 1685449253.5825806
INFO:root:medium-64startTimestamp: 1685449253.5825806
INFO:root:medium-64endTimestamp: 1685449256.3635209
INFO:root:medium-65startTimestamp: 1685449256.3635209
INFO:root:medium-65endTimestamp: 1685449258.7027264
INFO:root:medium-66startTimestamp: 1685449258.7027264
INFO:root:medium-66endTimestamp: 1685449261.3779507
INFO:root:medium-67startTimestamp: 1685449261.3779507
INFO:root:medium-67endTimestamp: 1685449263.8660507
INFO:root:medium-68startTimestamp: 1685449263.8671045
INFO:root:medium-68endTimestamp: 1685449266.783178
INFO:root:medium-69startTimestamp: 1685449266.783178
INFO:root:medium-69endTimestamp: 1685449269.4113817
INFO:root:medium-7startTimestamp: 1685449269.4123836
INFO:root:medium-7endTimestamp: 1685449270.6827958
INFO:root:medium-70startTimestamp: 1685449270.6827958
INFO:root:medium-70endTimestamp: 1685449273.6015816
INFO:root:medium-71startTimestamp: 1685449273.6015816
INFO:root:medium-71endTimestamp: 1685449275.9611034
INFO:root:medium-72startTimestamp: 1685449275.962105
INFO:root:medium-72endTimestamp: 1685449277.7815897
INFO:root:medium-73startTimestamp: 1685449277.7826009
INFO:root:medium-73endTimestamp: 1685449279.4517758
INFO:root:medium-74startTimestamp: 1685449279.4517758
INFO:root:medium-74endTimestamp: 1685449282.2972054
INFO:root:medium-75startTimestamp: 1685449282.2972054
INFO:root:medium-75endTimestamp: 1685449284.3443477
INFO:root:medium-76startTimestamp: 1685449284.3443477
INFO:root:medium-76endTimestamp: 1685449284.6559215
INFO:root:medium-77startTimestamp: 1685449284.6559215
INFO:root:medium-77endTimestamp: 1685449287.0465024
INFO:root:medium-78startTimestamp: 1685449287.0465024
INFO:root:medium-78endTimestamp: 1685449290.049313
INFO:root:medium-79startTimestamp: 1685449290.049313
INFO:root:medium-79endTimestamp: 1685449292.6247826
INFO:root:medium-8startTimestamp: 1685449292.6247826
INFO:root:medium-8endTimestamp: 1685449295.1714132
INFO:root:medium-80startTimestamp: 1685449295.1714132
INFO:root:medium-80endTimestamp: 1685449296.2886922
INFO:root:medium-81startTimestamp: 1685449296.2896955
INFO:root:medium-81endTimestamp: 1685449298.4951632
INFO:root:medium-82startTimestamp: 1685449298.4951632
INFO:root:medium-82endTimestamp: 1685449300.7073736
INFO:root:medium-83startTimestamp: 1685449300.7073736
INFO:root:medium-83endTimestamp: 1685449303.1995802
INFO:root:medium-84startTimestamp: 1685449303.1995802
INFO:root:medium-84endTimestamp: 1685449304.196257
INFO:root:medium-85startTimestamp: 1685449304.196257
INFO:root:medium-85endTimestamp: 1685449306.788934
INFO:root:medium-86startTimestamp: 1685449306.788934
INFO:root:medium-86endTimestamp: 1685449309.5789325
INFO:root:medium-87startTimestamp: 1685449309.5789325
INFO:root:medium-87endTimestamp: 1685449312.4394317
INFO:root:medium-88startTimestamp: 1685449312.4394317
INFO:root:medium-88endTimestamp: 1685449315.3397064
INFO:root:medium-89startTimestamp: 1685449315.3397064
INFO:root:medium-89endTimestamp: 1685449317.632767
INFO:root:medium-9startTimestamp: 1685449317.632767
INFO:root:medium-9endTimestamp: 1685449320.5561292
INFO:root:medium-90startTimestamp: 1685449320.5561292
INFO:root:medium-90endTimestamp: 1685449323.0863194
INFO:root:medium-91startTimestamp: 1685449323.0863194
INFO:root:medium-91endTimestamp: 1685449325.759018
INFO:root:medium-92startTimestamp: 1685449325.759018
INFO:root:medium-92endTimestamp: 1685449326.153122
INFO:root:medium-93startTimestamp: 1685449326.153122
INFO:root:medium-93endTimestamp: 1685449328.500612
INFO:root:medium-94startTimestamp: 1685449328.5016148
INFO:root:medium-94endTimestamp: 1685449331.2436516
INFO:root:medium-95startTimestamp: 1685449331.2446535
INFO:root:medium-95endTimestamp: 1685449333.595755
INFO:root:medium-96startTimestamp: 1685449333.595755
INFO:root:medium-96endTimestamp: 1685449334.469966
INFO:root:medium-97startTimestamp: 1685449334.469966
INFO:root:medium-97endTimestamp: 1685449337.338942
INFO:root:medium-98startTimestamp: 1685449337.338942
INFO:root:medium-98endTimestamp: 1685449340.3013577
INFO:root:medium-99startTimestamp: 1685449340.3013577
INFO:root:medium-99endTimestamp: 1685449342.8737895
INFO:root:small-1startTimestamp: 1685449342.8737895
INFO:root:small-1endTimestamp: 1685449343.2265205
INFO:root:small-10startTimestamp: 1685449343.2265205
INFO:root:small-10endTimestamp: 1685449343.8399978
INFO:root:small-100startTimestamp: 1685449343.8399978
INFO:root:small-100endTimestamp: 1685449344.2304232
INFO:root:small-101startTimestamp: 1685449344.2304232
INFO:root:small-101endTimestamp: 1685449344.927503
INFO:root:small-102startTimestamp: 1685449344.927503
INFO:root:small-102endTimestamp: 1685449345.5541909
INFO:root:small-103startTimestamp: 1685449345.5541909
INFO:root:small-103endTimestamp: 1685449345.6383808
INFO:root:small-104startTimestamp: 1685449345.6383808
INFO:root:small-104endTimestamp: 1685449346.315357
INFO:root:small-105startTimestamp: 1685449346.315357
INFO:root:small-105endTimestamp: 1685449346.4120388
INFO:root:small-106startTimestamp: 1685449346.4120388
INFO:root:small-106endTimestamp: 1685449346.819441
INFO:root:small-107startTimestamp: 1685449346.819441
INFO:root:small-107endTimestamp: 1685449347.4547226
INFO:root:small-108startTimestamp: 1685449347.4547226
INFO:root:small-108endTimestamp: 1685449347.7664635
INFO:root:small-109startTimestamp: 1685449347.7664635
INFO:root:small-109endTimestamp: 1685449348.3958418
INFO:root:small-11startTimestamp: 1685449348.3958418
INFO:root:small-11endTimestamp: 1685449348.8344805
INFO:root:small-110startTimestamp: 1685449348.8344805
INFO:root:small-110endTimestamp: 1685449349.5209496
INFO:root:small-111startTimestamp: 1685449349.5209496
INFO:root:small-111endTimestamp: 1685449350.1803277
INFO:root:small-112startTimestamp: 1685449350.1803277
INFO:root:small-112endTimestamp: 1685449350.2807586
INFO:root:small-113startTimestamp: 1685449350.2807586
INFO:root:small-113endTimestamp: 1685449350.7769375
INFO:root:small-114startTimestamp: 1685449350.7769375
INFO:root:small-114endTimestamp: 1685449351.340511
INFO:root:small-115startTimestamp: 1685449351.340511
INFO:root:small-115endTimestamp: 1685449351.6111472
INFO:root:small-116startTimestamp: 1685449351.6111472
INFO:root:small-116endTimestamp: 1685449352.291368
INFO:root:small-117startTimestamp: 1685449352.291368
INFO:root:small-117endTimestamp: 1685449352.9842172
INFO:root:small-118startTimestamp: 1685449352.9842172
INFO:root:small-118endTimestamp: 1685449353.543295
INFO:root:small-119startTimestamp: 1685449353.543295
INFO:root:small-119endTimestamp: 1685449354.098494
INFO:root:small-12startTimestamp: 1685449354.098494
INFO:root:small-12endTimestamp: 1685449354.626751
INFO:root:small-120startTimestamp: 1685449354.626751
INFO:root:small-120endTimestamp: 1685449354.8183625
INFO:root:small-121startTimestamp: 1685449354.819366
INFO:root:small-121endTimestamp: 1685449355.237045
INFO:root:small-122startTimestamp: 1685449355.237045
INFO:root:small-122endTimestamp: 1685449355.8552659
INFO:root:small-123startTimestamp: 1685449355.8552659
INFO:root:small-123endTimestamp: 1685449356.1543524
INFO:root:small-124startTimestamp: 1685449356.1553519
INFO:root:small-124endTimestamp: 1685449356.7065492
INFO:root:small-125startTimestamp: 1685449356.7065492
INFO:root:small-125endTimestamp: 1685449357.3717628
INFO:root:small-126startTimestamp: 1685449357.3728535
INFO:root:small-126endTimestamp: 1685449357.7557797
INFO:root:small-127startTimestamp: 1685449357.7557797
INFO:root:small-127endTimestamp: 1685449357.9324367
INFO:root:small-128startTimestamp: 1685449357.9324367
INFO:root:small-128endTimestamp: 1685449358.0731714
INFO:root:small-129startTimestamp: 1685449358.0731714
INFO:root:small-129endTimestamp: 1685449358.3332307
INFO:root:small-13startTimestamp: 1685449358.3332307
INFO:root:small-13endTimestamp: 1685449358.458234
INFO:root:small-130startTimestamp: 1685449358.458234
INFO:root:small-130endTimestamp: 1685449358.804345
INFO:root:small-131startTimestamp: 1685449358.805346
INFO:root:small-131endTimestamp: 1685449359.22343
INFO:root:small-132startTimestamp: 1685449359.22343
INFO:root:small-132endTimestamp: 1685449359.29737
INFO:root:small-133startTimestamp: 1685449359.29737
INFO:root:small-133endTimestamp: 1685449359.7431586
INFO:root:small-134startTimestamp: 1685449359.7431586
INFO:root:small-134endTimestamp: 1685449360.0914295
INFO:root:small-135startTimestamp: 1685449360.0914295
INFO:root:small-135endTimestamp: 1685449360.396956
INFO:root:small-136startTimestamp: 1685449360.396956
INFO:root:small-136endTimestamp: 1685449360.6716177
INFO:root:small-137startTimestamp: 1685449360.6726236
INFO:root:small-137endTimestamp: 1685449360.9454966
INFO:root:small-138startTimestamp: 1685449360.9454966
INFO:root:small-138endTimestamp: 1685449361.5042124
INFO:root:small-139startTimestamp: 1685449361.5042124
INFO:root:small-139endTimestamp: 1685449361.7463357
INFO:root:small-14startTimestamp: 1685449361.7463357
INFO:root:small-14endTimestamp: 1685449361.9946175
INFO:root:small-140startTimestamp: 1685449361.9946175
INFO:root:small-140endTimestamp: 1685449362.5709376
INFO:root:small-141startTimestamp: 1685449362.571941
INFO:root:small-141endTimestamp: 1685449363.1841555
INFO:root:small-142startTimestamp: 1685449363.1851566
INFO:root:small-142endTimestamp: 1685449363.6847112
INFO:root:small-143startTimestamp: 1685449363.6847112
INFO:root:small-143endTimestamp: 1685449363.7477107
INFO:root:small-144startTimestamp: 1685449363.7487137
INFO:root:small-144endTimestamp: 1685449364.379738
INFO:root:small-145startTimestamp: 1685449364.379738
INFO:root:small-145endTimestamp: 1685449364.8724277
INFO:root:small-146startTimestamp: 1685449364.8734381
INFO:root:small-146endTimestamp: 1685449365.085735
INFO:root:small-147startTimestamp: 1685449365.085735
INFO:root:small-147endTimestamp: 1685449365.526253
INFO:root:small-148startTimestamp: 1685449365.526253
INFO:root:small-148endTimestamp: 1685449365.9411578
INFO:root:small-149startTimestamp: 1685449365.9411578
INFO:root:small-149endTimestamp: 1685449366.2825313
INFO:root:small-15startTimestamp: 1685449366.2825313
INFO:root:small-15endTimestamp: 1685449366.7761593
INFO:root:small-150startTimestamp: 1685449366.7761593
INFO:root:small-150endTimestamp: 1685449367.4742453
INFO:root:small-151startTimestamp: 1685449367.4742453
INFO:root:small-151endTimestamp: 1685449367.9679089
INFO:root:small-152startTimestamp: 1685449367.9679089
INFO:root:small-152endTimestamp: 1685449368.5283551
INFO:root:small-153startTimestamp: 1685449368.5283551
INFO:root:small-153endTimestamp: 1685449369.1248393
INFO:root:small-154startTimestamp: 1685449369.1248393
INFO:root:small-154endTimestamp: 1685449369.6518712
INFO:root:small-155startTimestamp: 1685449369.6518712
INFO:root:small-155endTimestamp: 1685449369.7214448
INFO:root:small-156startTimestamp: 1685449369.7214448
INFO:root:small-156endTimestamp: 1685449370.240097
INFO:root:small-157startTimestamp: 1685449370.240097
INFO:root:small-157endTimestamp: 1685449370.3419757
INFO:root:small-158startTimestamp: 1685449370.3419757
INFO:root:small-158endTimestamp: 1685449370.8132498
INFO:root:small-159startTimestamp: 1685449370.8132498
INFO:root:small-159endTimestamp: 1685449371.150334
INFO:root:small-16startTimestamp: 1685449371.150334
INFO:root:small-16endTimestamp: 1685449371.6065238
INFO:root:small-160startTimestamp: 1685449371.6065238
INFO:root:small-160endTimestamp: 1685449372.281524
INFO:root:small-161startTimestamp: 1685449372.281524
INFO:root:small-161endTimestamp: 1685449372.6714015
INFO:root:small-162startTimestamp: 1685449372.6714015
INFO:root:small-162endTimestamp: 1685449372.8367345
INFO:root:small-163startTimestamp: 1685449372.8367345
INFO:root:small-163endTimestamp: 1685449373.1910233
INFO:root:small-164startTimestamp: 1685449373.1910233
INFO:root:small-164endTimestamp: 1685449373.8714046
INFO:root:small-165startTimestamp: 1685449373.8714046
INFO:root:small-165endTimestamp: 1685449374.4278333
INFO:root:small-166startTimestamp: 1685449374.4278333
INFO:root:small-166endTimestamp: 1685449374.5058403
INFO:root:small-167startTimestamp: 1685449374.5058403
INFO:root:small-167endTimestamp: 1685449375.0169485
INFO:root:small-168startTimestamp: 1685449375.0169485
INFO:root:small-168endTimestamp: 1685449375.7057686
INFO:root:small-169startTimestamp: 1685449375.7057686
INFO:root:small-169endTimestamp: 1685449376.3161058
INFO:root:small-17startTimestamp: 1685449376.3171077
INFO:root:small-17endTimestamp: 1685449376.6991038
INFO:root:small-170startTimestamp: 1685449376.6991038
INFO:root:small-170endTimestamp: 1685449377.325582
INFO:root:small-171startTimestamp: 1685449377.325582
INFO:root:small-171endTimestamp: 1685449377.4300315
INFO:root:small-172startTimestamp: 1685449377.4300315
INFO:root:small-172endTimestamp: 1685449378.1122026
INFO:root:small-173startTimestamp: 1685449378.1122026
INFO:root:small-173endTimestamp: 1685449378.3037813
INFO:root:small-174startTimestamp: 1685449378.3037813
INFO:root:small-174endTimestamp: 1685449378.572958
INFO:root:small-175startTimestamp: 1685449378.572958
INFO:root:small-175endTimestamp: 1685449378.9570684
INFO:root:small-176startTimestamp: 1685449378.9570684
INFO:root:small-176endTimestamp: 1685449379.443031
INFO:root:small-177startTimestamp: 1685449379.443031
INFO:root:small-177endTimestamp: 1685449380.1221502
INFO:root:small-178startTimestamp: 1685449380.1221502
INFO:root:small-178endTimestamp: 1685449380.6091735
INFO:root:small-179startTimestamp: 1685449380.6091735
INFO:root:small-179endTimestamp: 1685449381.1900275
INFO:root:small-18startTimestamp: 1685449381.1900275
INFO:root:small-18endTimestamp: 1685449381.841135
INFO:root:small-180startTimestamp: 1685449381.841135
INFO:root:small-180endTimestamp: 1685449382.514335
INFO:root:small-181startTimestamp: 1685449382.515341
INFO:root:small-181endTimestamp: 1685449383.0312438
INFO:root:small-182startTimestamp: 1685449383.0312438
INFO:root:small-182endTimestamp: 1685449383.5107508
INFO:root:small-183startTimestamp: 1685449383.5107508
INFO:root:small-183endTimestamp: 1685449384.0741394
INFO:root:small-184startTimestamp: 1685449384.0741394
INFO:root:small-184endTimestamp: 1685449384.6572447
INFO:root:small-185startTimestamp: 1685449384.6572447
INFO:root:small-185endTimestamp: 1685449385.2239747
INFO:root:small-186startTimestamp: 1685449385.2239747
INFO:root:small-186endTimestamp: 1685449385.7557714
INFO:root:small-187startTimestamp: 1685449385.7557714
INFO:root:small-187endTimestamp: 1685449385.8427317
INFO:root:small-188startTimestamp: 1685449385.8437345
INFO:root:small-188endTimestamp: 1685449386.1195436
INFO:root:small-189startTimestamp: 1685449386.1195436
INFO:root:small-189endTimestamp: 1685449386.7975318
INFO:root:small-19startTimestamp: 1685449386.7975318
INFO:root:small-19endTimestamp: 1685449387.3865376
INFO:root:small-190startTimestamp: 1685449387.3865376
INFO:root:small-190endTimestamp: 1685449387.439186
INFO:root:small-191startTimestamp: 1685449387.439186
INFO:root:small-191endTimestamp: 1685449388.142141
INFO:root:small-192startTimestamp: 1685449388.142141
INFO:root:small-192endTimestamp: 1685449388.829468
INFO:root:small-193startTimestamp: 1685449388.829468
INFO:root:small-193endTimestamp: 1685449389.2420518
INFO:root:small-194startTimestamp: 1685449389.2420518
INFO:root:small-194endTimestamp: 1685449389.6366484
INFO:root:small-195startTimestamp: 1685449389.6366484
INFO:root:small-195endTimestamp: 1685449390.0289803
INFO:root:small-196startTimestamp: 1685449390.0289803
INFO:root:small-196endTimestamp: 1685449390.4304585
INFO:root:small-197startTimestamp: 1685449390.4304585
INFO:root:small-197endTimestamp: 1685449391.059139
INFO:root:small-198startTimestamp: 1685449391.059139
INFO:root:small-198endTimestamp: 1685449391.5788012
INFO:root:small-199startTimestamp: 1685449391.5788012
INFO:root:small-199endTimestamp: 1685449391.9648316
INFO:root:small-2startTimestamp: 1685449391.9648316
INFO:root:small-2endTimestamp: 1685449392.5750604
INFO:root:small-20startTimestamp: 1685449392.5750604
INFO:root:small-20endTimestamp: 1685449393.1896722
INFO:root:small-200startTimestamp: 1685449393.1896722
INFO:root:small-200endTimestamp: 1685449393.4191678
INFO:root:small-201startTimestamp: 1685449393.4201686
INFO:root:small-201endTimestamp: 1685449393.9787621
INFO:root:small-202startTimestamp: 1685449393.9787621
INFO:root:small-202endTimestamp: 1685449394.6288846
INFO:root:small-203startTimestamp: 1685449394.6288846
INFO:root:small-203endTimestamp: 1685449395.2962472
INFO:root:small-204startTimestamp: 1685449395.2962472
INFO:root:small-204endTimestamp: 1685449395.9275782
INFO:root:small-205startTimestamp: 1685449395.9275782
INFO:root:small-205endTimestamp: 1685449396.429405
INFO:root:small-206startTimestamp: 1685449396.429405
INFO:root:small-206endTimestamp: 1685449396.4918091
INFO:root:small-207startTimestamp: 1685449396.4918091
INFO:root:small-207endTimestamp: 1685449396.496238
INFO:root:small-208startTimestamp: 1685449396.496238
INFO:root:small-208endTimestamp: 1685449397.1869397
INFO:root:small-209startTimestamp: 1685449397.1879413
INFO:root:small-209endTimestamp: 1685449397.8478794
INFO:root:small-21startTimestamp: 1685449397.8478794
INFO:root:small-21endTimestamp: 1685449398.045158
INFO:root:small-210startTimestamp: 1685449398.045158
INFO:root:small-210endTimestamp: 1685449398.6388817
INFO:root:small-211startTimestamp: 1685449398.6388817
INFO:root:small-211endTimestamp: 1685449399.3149052
INFO:root:small-212startTimestamp: 1685449399.3149052
INFO:root:small-212endTimestamp: 1685449399.83153
INFO:root:small-213startTimestamp: 1685449399.8325744
INFO:root:small-213endTimestamp: 1685449400.3917038
INFO:root:small-214startTimestamp: 1685449400.3917038
INFO:root:small-214endTimestamp: 1685449400.6460779
INFO:root:small-215startTimestamp: 1685449400.6460779
INFO:root:small-215endTimestamp: 1685449401.3365424
INFO:root:small-216startTimestamp: 1685449401.3365424
INFO:root:small-216endTimestamp: 1685449402.0243368
INFO:root:small-217startTimestamp: 1685449402.0243368
INFO:root:small-217endTimestamp: 1685449402.719283
INFO:root:small-218startTimestamp: 1685449402.719283
INFO:root:small-218endTimestamp: 1685449403.4033535
INFO:root:small-219startTimestamp: 1685449403.4044003
INFO:root:small-219endTimestamp: 1685449403.955225
INFO:root:small-22startTimestamp: 1685449403.9562895
INFO:root:small-22endTimestamp: 1685449404.4200156
INFO:root:small-220startTimestamp: 1685449404.4200156
INFO:root:small-220endTimestamp: 1685449405.0449362
INFO:root:small-221startTimestamp: 1685449405.0449362
INFO:root:small-221endTimestamp: 1685449405.1696024
INFO:root:small-222startTimestamp: 1685449405.1696024
INFO:root:small-222endTimestamp: 1685449405.6132321
INFO:root:small-223startTimestamp: 1685449405.6132321
INFO:root:small-223endTimestamp: 1685449406.0546668
INFO:root:small-224startTimestamp: 1685449406.0546668
INFO:root:small-224endTimestamp: 1685449406.4956653
INFO:root:small-225startTimestamp: 1685449406.4956653
INFO:root:small-225endTimestamp: 1685449407.1598358
INFO:root:small-226startTimestamp: 1685449407.1598358
INFO:root:small-226endTimestamp: 1685449407.308225
INFO:root:small-227startTimestamp: 1685449407.308225
INFO:root:small-227endTimestamp: 1685449407.6554995
INFO:root:small-228startTimestamp: 1685449407.6554995
INFO:root:small-228endTimestamp: 1685449408.2534387
INFO:root:small-229startTimestamp: 1685449408.2544425
INFO:root:small-229endTimestamp: 1685449408.4630394
INFO:root:small-23startTimestamp: 1685449408.4630394
INFO:root:small-23endTimestamp: 1685449408.838321
INFO:root:small-230startTimestamp: 1685449408.838321
INFO:root:small-230endTimestamp: 1685449408.9803073
INFO:root:small-231startTimestamp: 1685449408.9803073
INFO:root:small-231endTimestamp: 1685449409.1425033
INFO:root:small-232startTimestamp: 1685449409.1425033
INFO:root:small-232endTimestamp: 1685449409.8276792
INFO:root:small-233startTimestamp: 1685449409.8276792
INFO:root:small-233endTimestamp: 1685449410.059623
INFO:root:small-234startTimestamp: 1685449410.059623
INFO:root:small-234endTimestamp: 1685449410.7578564
INFO:root:small-235startTimestamp: 1685449410.7578564
INFO:root:small-235endTimestamp: 1685449410.928841
INFO:root:small-236startTimestamp: 1685449410.9298432
INFO:root:small-236endTimestamp: 1685449411.5632405
INFO:root:small-237startTimestamp: 1685449411.5632405
INFO:root:small-237endTimestamp: 1685449412.2502582
INFO:root:small-238startTimestamp: 1685449412.2512608
INFO:root:small-238endTimestamp: 1685449412.920249
INFO:root:small-239startTimestamp: 1685449412.921252
INFO:root:small-239endTimestamp: 1685449412.9782515
INFO:root:small-24startTimestamp: 1685449412.9782515
INFO:root:small-24endTimestamp: 1685449413.6549056
INFO:root:small-240startTimestamp: 1685449413.6549056
INFO:root:small-240endTimestamp: 1685449414.3186326
INFO:root:small-241startTimestamp: 1685449414.3186326
INFO:root:small-241endTimestamp: 1685449414.800749
INFO:root:small-242startTimestamp: 1685449414.800749
INFO:root:small-242endTimestamp: 1685449415.3789382
INFO:root:small-25startTimestamp: 1685449415.3789382
INFO:root:small-25endTimestamp: 1685449415.7315426
INFO:root:small-26startTimestamp: 1685449415.7315426
INFO:root:small-26endTimestamp: 1685449415.977134
INFO:root:small-27startTimestamp: 1685449415.977134
INFO:root:small-27endTimestamp: 1685449416.3269987
INFO:root:small-28startTimestamp: 1685449416.3269987
INFO:root:small-28endTimestamp: 1685449416.9211357
INFO:root:small-29startTimestamp: 1685449416.9211357
INFO:root:small-29endTimestamp: 1685449417.6169577
INFO:root:small-3startTimestamp: 1685449417.6169577
INFO:root:small-3endTimestamp: 1685449418.2387881
INFO:root:small-30startTimestamp: 1685449418.2387881
INFO:root:small-30endTimestamp: 1685449418.609052
INFO:root:small-31startTimestamp: 1685449418.610053
INFO:root:small-31endTimestamp: 1685449419.1828783
INFO:root:small-32startTimestamp: 1685449419.1828783
INFO:root:small-32endTimestamp: 1685449419.7283916
INFO:root:small-33startTimestamp: 1685449419.7283916
INFO:root:small-33endTimestamp: 1685449420.079153
INFO:root:small-34startTimestamp: 1685449420.079153
INFO:root:small-34endTimestamp: 1685449420.1339011
INFO:root:small-35startTimestamp: 1685449420.1339011
INFO:root:small-35endTimestamp: 1685449420.1489592
INFO:root:small-36startTimestamp: 1685449420.1489592
INFO:root:small-36endTimestamp: 1685449420.2952654
INFO:root:small-37startTimestamp: 1685449420.2952654
INFO:root:small-37endTimestamp: 1685449420.9434838
INFO:root:small-38startTimestamp: 1685449420.9434838
INFO:root:small-38endTimestamp: 1685449421.465807
INFO:root:small-39startTimestamp: 1685449421.465807
INFO:root:small-39endTimestamp: 1685449421.5191796
INFO:root:small-4startTimestamp: 1685449421.5191796
INFO:root:small-4endTimestamp: 1685449421.9438057
INFO:root:small-40startTimestamp: 1685449421.9448078
INFO:root:small-40endTimestamp: 1685449422.4204602
INFO:root:small-41startTimestamp: 1685449422.4204602
INFO:root:small-41endTimestamp: 1685449422.7454019
INFO:root:small-42startTimestamp: 1685449422.7454019
INFO:root:small-42endTimestamp: 1685449423.0274196
INFO:root:small-43startTimestamp: 1685449423.0284228
INFO:root:small-43endTimestamp: 1685449423.06417
INFO:root:small-44startTimestamp: 1685449423.06417
INFO:root:small-44endTimestamp: 1685449423.126919
INFO:root:small-45startTimestamp: 1685449423.126919
INFO:root:small-45endTimestamp: 1685449423.7556963
INFO:root:small-46startTimestamp: 1685449423.7556963
INFO:root:small-46endTimestamp: 1685449424.4383304
INFO:root:small-47startTimestamp: 1685449424.4383304
INFO:root:small-47endTimestamp: 1685449424.5822492
INFO:root:small-48startTimestamp: 1685449424.5822492
INFO:root:small-48endTimestamp: 1685449425.159375
INFO:root:small-49startTimestamp: 1685449425.159375
INFO:root:small-49endTimestamp: 1685449425.2778127
INFO:root:small-5startTimestamp: 1685449425.2778127
INFO:root:small-5endTimestamp: 1685449425.7639682
INFO:root:small-50startTimestamp: 1685449425.7639682
INFO:root:small-50endTimestamp: 1685449426.3078034
INFO:root:small-51startTimestamp: 1685449426.3088114
INFO:root:small-51endTimestamp: 1685449426.753427
INFO:root:small-52startTimestamp: 1685449426.753427
INFO:root:small-52endTimestamp: 1685449427.4159713
INFO:root:small-53startTimestamp: 1685449427.4159713
INFO:root:small-53endTimestamp: 1685449428.083277
INFO:root:small-54startTimestamp: 1685449428.083277
INFO:root:small-54endTimestamp: 1685449428.402113
INFO:root:small-55startTimestamp: 1685449428.403113
INFO:root:small-55endTimestamp: 1685449429.095787
INFO:root:small-56startTimestamp: 1685449429.095787
INFO:root:small-56endTimestamp: 1685449429.1057894
INFO:root:small-57startTimestamp: 1685449429.1057894
INFO:root:small-57endTimestamp: 1685449429.222641
INFO:root:small-58startTimestamp: 1685449429.222641
INFO:root:small-58endTimestamp: 1685449429.8633628
INFO:root:small-59startTimestamp: 1685449429.8633628
INFO:root:small-59endTimestamp: 1685449430.52075
INFO:root:small-6startTimestamp: 1685449430.52075
INFO:root:small-6endTimestamp: 1685449430.8309622
INFO:root:small-60startTimestamp: 1685449430.8309622
INFO:root:small-60endTimestamp: 1685449430.9104118
INFO:root:small-61startTimestamp: 1685449430.9104118
INFO:root:small-61endTimestamp: 1685449431.5371125
INFO:root:small-62startTimestamp: 1685449431.5371125
INFO:root:small-62endTimestamp: 1685449432.0956614
INFO:root:small-63startTimestamp: 1685449432.0956614
INFO:root:small-63endTimestamp: 1685449432.592448
INFO:root:small-64startTimestamp: 1685449432.592448
INFO:root:small-64endTimestamp: 1685449433.2424104
INFO:root:small-65startTimestamp: 1685449433.2424104
INFO:root:small-65endTimestamp: 1685449433.7980444
INFO:root:small-66startTimestamp: 1685449433.7990472
INFO:root:small-66endTimestamp: 1685449434.3122196
INFO:root:small-67startTimestamp: 1685449434.3122196
INFO:root:small-67endTimestamp: 1685449434.8802075
INFO:root:small-68startTimestamp: 1685449434.8802075
INFO:root:small-68endTimestamp: 1685449435.566499
INFO:root:small-69startTimestamp: 1685449435.5675063
INFO:root:small-69endTimestamp: 1685449436.0978398
INFO:root:small-7startTimestamp: 1685449436.0978398
INFO:root:small-7endTimestamp: 1685449436.401351
INFO:root:small-70startTimestamp: 1685449436.401351
INFO:root:small-70endTimestamp: 1685449437.0795927
INFO:root:small-71startTimestamp: 1685449437.0795927
INFO:root:small-71endTimestamp: 1685449437.6346507
INFO:root:small-72startTimestamp: 1685449437.6346507
INFO:root:small-72endTimestamp: 1685449437.8879693
INFO:root:small-73startTimestamp: 1685449437.8879693
INFO:root:small-73endTimestamp: 1685449437.9787495
INFO:root:small-74startTimestamp: 1685449437.9787495
INFO:root:small-74endTimestamp: 1685449438.655694
INFO:root:small-75startTimestamp: 1685449438.655694
INFO:root:small-75endTimestamp: 1685449439.2869143
INFO:root:small-76startTimestamp: 1685449439.2869143
INFO:root:small-76endTimestamp: 1685449439.327968
INFO:root:small-77startTimestamp: 1685449439.327968
INFO:root:small-77endTimestamp: 1685449439.9078054
INFO:root:small-78startTimestamp: 1685449439.9078054
INFO:root:small-78endTimestamp: 1685449440.5692754
INFO:root:small-79startTimestamp: 1685449440.5692754
INFO:root:small-79endTimestamp: 1685449440.9512348
INFO:root:small-8startTimestamp: 1685449440.9512348
INFO:root:small-8endTimestamp: 1685449441.0409126
INFO:root:small-80startTimestamp: 1685449441.0409126
INFO:root:small-80endTimestamp: 1685449441.6252801
INFO:root:small-81startTimestamp: 1685449441.6252801
INFO:root:small-81endTimestamp: 1685449442.1773527
INFO:root:small-82startTimestamp: 1685449442.1773527
INFO:root:small-82endTimestamp: 1685449442.6910608
INFO:root:small-83startTimestamp: 1685449442.6920645
INFO:root:small-83endTimestamp: 1685449443.3340998
INFO:root:small-84startTimestamp: 1685449443.3340998
INFO:root:small-84endTimestamp: 1685449443.8882718
INFO:root:small-85startTimestamp: 1685449443.8882718
INFO:root:small-85endTimestamp: 1685449444.2608173
INFO:root:small-86startTimestamp: 1685449444.2608173
INFO:root:small-86endTimestamp: 1685449444.8773599
INFO:root:small-87startTimestamp: 1685449444.8773599
INFO:root:small-87endTimestamp: 1685449444.9889708
INFO:root:small-88startTimestamp: 1685449444.9889708
INFO:root:small-88endTimestamp: 1685449445.6795988
INFO:root:small-89startTimestamp: 1685449445.6795988
INFO:root:small-89endTimestamp: 1685449446.1564555
INFO:root:small-9startTimestamp: 1685449446.1574643
INFO:root:small-9endTimestamp: 1685449446.8462324
INFO:root:small-90startTimestamp: 1685449446.8472357
INFO:root:small-90endTimestamp: 1685449447.395969
INFO:root:small-91startTimestamp: 1685449447.395969
INFO:root:small-91endTimestamp: 1685449448.0318754
INFO:root:small-92startTimestamp: 1685449448.0328782
INFO:root:small-92endTimestamp: 1685449448.0812008
INFO:root:small-93startTimestamp: 1685449448.0812008
INFO:root:small-93endTimestamp: 1685449448.641981
INFO:root:small-94startTimestamp: 1685449448.641981
INFO:root:small-94endTimestamp: 1685449449.3067992
INFO:root:small-95startTimestamp: 1685449449.3067992
INFO:root:small-95endTimestamp: 1685449449.7913692
INFO:root:small-96startTimestamp: 1685449449.7913692
INFO:root:small-96endTimestamp: 1685449449.8927338
INFO:root:small-97startTimestamp: 1685449449.8927338
INFO:root:small-97endTimestamp: 1685449450.5741563
INFO:root:small-98startTimestamp: 1685449450.5741563
INFO:root:small-98endTimestamp: 1685449451.2661264
INFO:root:small-99startTimestamp: 1685449451.2661264
INFO:root:small-99endTimestamp: 1685449451.7680104
INFO:root:Total endTimestamp: 1685449451.7680104
INFO:root:Total startTimestamp: 1686146759.4740474
INFO:root:small-1startTimestamp: 1686146759.4751427
INFO:root:Total startTimestamp: 1686146823.7837052
INFO:root:small-1startTimestamp: 1686146823.784716
INFO:root:Total startTimestamp: 1686147102.0804706
INFO:root:small-1startTimestamp: 1686147102.0814688
INFO:root:Total startTimestamp: 1686147124.1305249
INFO:root:small-1startTimestamp: 1686147124.1305249
INFO:root:Total startTimestamp: 1686147244.0497398
INFO:root:small-1startTimestamp: 1686147244.0507438
INFO:root:Total startTimestamp: 1686147278.1426678
INFO:root:small-1startTimestamp: 1686147278.1426678
INFO:root:Total startTimestamp: 1686147327.2598097
INFO:root:small-1startTimestamp: 1686147327.2598097
INFO:root:Total startTimestamp: 1686147340.0823774
INFO:root:small-1startTimestamp: 1686147340.0823774
INFO:root:Total startTimestamp: 1686147370.6818664
INFO:root:small-1startTimestamp: 1686147370.6818664
INFO:root:Total startTimestamp: 1686147421.2405624
INFO:root:small-1startTimestamp: 1686147421.2405624
INFO:root:small-1endTimestamp: 1686147421.4042518
INFO:root:Total endTimestamp: 1686147421.4042518
INFO:root:Total startTimestamp: 1686147587.662254
INFO:root:small-1startTimestamp: 1686147587.662254
INFO:root:Total startTimestamp: 1686147889.600711
INFO:root:small-1startTimestamp: 1686147889.601893
INFO:root:Total startTimestamp: 1686147938.0109227
INFO:root:small-1startTimestamp: 1686147938.0109227
INFO:root:Total startTimestamp: 1686147948.3164873
INFO:root:small-1startTimestamp: 1686147948.3164873
INFO:root:Total startTimestamp: 1686147990.2512045
INFO:root:small-1startTimestamp: 1686147990.2512045
INFO:root:Total startTimestamp: 1686148173.180821
INFO:root:small-1startTimestamp: 1686148173.180821
INFO:root:Total startTimestamp: 1686148177.6564362
INFO:root:small-1startTimestamp: 1686148177.6574364
INFO:root:small-1endTimestamp: 1686148177.841968
INFO:root:Total endTimestamp: 1686148177.841968
INFO:root:Total startTimestamp: 1686190038.2465837
INFO:root:small-1startTimestamp: 1686190038.2465837
INFO:root:small-1endTimestamp: 1686190038.4197485
INFO:root:Total endTimestamp: 1686190038.4197485
INFO:root:Total startTimestamp: 1686191190.7004137
INFO:root:small-1startTimestamp: 1686191190.7004137
INFO:root:small-1endTimestamp: 1686191190.9214458
INFO:root:Total endTimestamp: 1686191190.9224496
