6123.96
48
47
47
44
44
44
44
44
42
42
42
42
42
42
42
41
41
41
41
41
41
41
41
35
35
35
35
35
35
35
35
35
35
35
35
35
35
34
34
34
34
34
34
34
34
34
34
34
34
34
34
34
30
30
30
30
30
30
30
30
30
30
30
30
30
30
30
30
22
22
22
22
22
22
22
22
22
22
22
22
22
22
22
22
22
22
22
22
22
22
22
22
22
22
22
21
21
21
21
21
21
21
21
21
21
21
21
21
21
21
21
21
21
21
21
21
21
21
21
21
21
21
19
