10056.81
18
18
18
18
43
43
43
43
43
43
43
43
43
16
16
16
16
16
16
16
16
16
16
16
24
24
24
24
24
24
24
24
24
24
24
24
24
33
33
33
33
33
33
33
33
33
33
33
33
33
33
33
33
45
45
45
45
45
45
45
45
45
45
45
45
45
45
45
45
45
45
45
45
29
29
29
29
29
29
29
29
29
29
29
29
29
29
29
29
29
29
29
29
44
44
44
44
44
44
44
44
44
44
44
44
44
44
44
44
44
44
44
44
44
44
44
44
44
44
44
14
14
14
14
14
14
14
14
14
14
14
14
14
14
13
13
13
13
13
13
13
13
13
13
13
13
13
13
13
13
13
13
13
13
13
13
13
13
13
13
13
13
13
13
13
13
13
13
13
13
13
13
13
13
13
