10170.57
48
46
46
46
43
43
43
43
43
43
38
38
38
38
38
38
38
38
38
38
38
33
33
33
33
33
33
33
33
33
33
33
33
33
33
33
33
29
29
29
29
29
29
29
29
29
29
29
29
29
29
29
29
29
29
29
29
23
19
19
19
19
19
19
19
19
19
19
19
19
19
19
19
19
19
18
18
18
18
18
18
18
18
18
18
18
18
18
18
18
18
18
18
18
18
18
18
18
18
18
18
18
18
18
18
17
17
17
17
17
17
17
17
17
17
17
17
17
17
17
17
17
17
17
17
17
17
17
17
17
17
17
17
17
17
17
17
10
10
10
10
10
10
10
10
10
10
10
10
10
10
10
10
10
10
10
10
10
10
10
10
10
10
10
10
10
10
10
10
10
10
10
10
10
10
10
