9734.88
48
39
39
39
39
39
39
39
39
39
39
38
38
38
38
38
38
38
38
38
38
38
34
34
34
34
34
34
34
34
34
34
34
34
34
34
34
30
30
30
30
30
30
30
30
30
30
30
30
30
30
30
30
30
30
30
28
28
28
28
28
28
28
28
28
28
28
28
28
28
28
28
28
28
28
28
28
20
20
20
20
20
20
20
20
20
20
20
20
20
20
20
20
20
20
8
8
8
8
8
8
8
8
8
8
8
8
8
8
8
8
8
8
8
8
8
8
8
8
8
8
8
8
8
8
8
8
8
8
8
8
8
8
8
8
8
5
5
5
5
5
5
5
5
5
5
5
5
5
5
5
5
5
5
5
5
5
5
5
5
5
5
5
5
5
5
5
5
5
5
5
5
5
5
5
5
5
5
5
5
