102.52
48
47
47
45
45
45
45
43
43
43
43
43
43
41
41
41
41
41
41
41
41
39
39
39
39
39
39
39
39
39
39
33
33
33
33
33
33
33
33
33
33
33
33
33
33
33
33
28
28
28
28
28
28
28
28
28
28
28
28
28
28
28
28
28
28
28
28
28
22
22
22
22
22
22
22
22
22
22
22
22
22
22
15
15
15
15
15
15
15
15
15
15
15
15
15
15
15
15
15
15
15
15
15
15
15
15
15
15
15
15
15
15
15
15
15
15
9
9
9
9
9
9
9
9
9
9
9
9
9
9
9
9
9
9
9
9
9
9
9
9
9
9
9
9
9
9
9
9
9
9
9
9
9
9
9
9
