6364.8
46
15
15
15
15
15
15
15
15
19
19
19
19
19
19
19
19
19
19
19
14
14
14
14
14
14
14
14
14
14
14
14
25
25
25
25
25
25
25
25
25
25
25
25
25
33
33
33
33
33
33
33
33
33
33
33
33
33
33
42
42
42
42
42
42
42
42
42
42
42
42
42
42
42
42
42
42
42
42
42
42
42
42
42
6
6
6
6
6
6
6
6
6
6
6
6
6
6
6
6
6
6
6
6
6
6
6
6
6
6
20
20
20
20
20
20
20
20
20
20
20
20
20
20
20
20
20
20
20
20
20
20
20
20
20
20
20
9
9
9
9
9
9
9
9
9
9
9
9
9
9
9
9
9
9
9
9
9
9
9
9
9
9
9
9
9
5
5
5
5
5
5
5
5
5
5
5
5
5
5
5
5
5
5
5
5
5
5
5
5
5
5
5
5
5
5
5
5
5
5
7
7
7
32
32
32
32
32
32
32
32
32
