348.1500000000001
1
1
1
0
1
0
1
1
0
0
0
1
1
0
0
1
0
0
1
1
1
1
1
1
1
1
1
1
1
1
1
1
1
1
1
1
1
1
0
1
0
0
0
0
1
0
0
0
0
0
0
1
1
0
0
1
0
0
1
0
0
0
0
1
0
0
0
0
1
0
0
1
0
0
1
0
1
0
0
0
0
1
0
1
0
0
0
0
1
0
1
0
1
0
0
0
1
0
0
0
0
0
0
0
0
1
0
0
0
0
0
0
0
0
0
0
1
0
0
1
0
0
0
1
0
1
1
0
0
0
0
1
0
0
0
0
0
0
0
0
0
0
0
0
0
0
0
0
0
0
0
0
0
0
0
0
0
0
0
0
0
0
0
0
0
0
0
0
0
0
0
0
0
0
0
0
0
0
0
0
1
1
1
1
1
1
1
1
1
1
