1858.2599999999993
1
0
0
0
1
0
0
0
0
0
0
0
0
0
0
0
0
0
0
0
0
0
0
0
0
0
0
0
1
0
0
0
1
1
1
0
0
0
0
1
0
0
0
1
0
0
0
0
0
0
0
0
0
0
0
0
0
0
0
0
0
0
0
0
0
0
0
0
0
0
0
0
0
0
0
0
0
0
0
0
0
0
1
1
0
0
0
0
1
1
0
0
0
1
0
0
0
1
0
0
0
0
0
0
0
1
0
0
1
0
0
0
1
0
0
0
0
0
0
0
1
1
1
0
0
0
1
0
1
0
1
1
1
0
1
0
0
1
0
1
0
1
0
1
1
1
1
1
0
1
1
1
0
1
1
0
0
0
0
1
0
1
0
0
0
1
0
0
0
0
1
0
1
0
1
1
1
1
0
0
1
1
0
1
1
0
0
1
1
0
