4732.090000000004
0
0
0
0
0
0
0
0
0
0
0
1
0
1
1
0
0
0
1
1
1
0
0
1
1
1
0
1
1
1
1
1
1
1
1
1
1
0
1
0
0
0
0
0
0
0
0
1
0
0
0
0
0
0
0
0
1
1
1
1
1
0
1
1
1
1
1
1
1
0
0
0
0
0
0
0
0
0
0
0
0
0
0
0
0
1
0
1
0
1
0
0
0
1
1
0
0
1
0
0
1
1
0
1
0
0
0
0
1
1
1
1
1
1
1
1
1
1
0
1
1
0
1
1
0
1
1
1
1
1
1
1
1
0
1
1
1
1
0
1
1
1
1
0
0
0
0
0
0
0
0
0
0
0
0
0
0
1
0
1
0
1
1
0
1
1
1
0
0
1
1
1
1
0
1
0
1
1
1
0
0
0
1
1
0
0
0
0
0
1
