327.18000000000023
1
1
0
1
0
1
1
1
1
1
1
0
0
0
1
1
0
0
1
1
1
1
0
1
1
0
1
1
1
0
0
1
1
1
0
0
0
0
1
1
1
0
0
0
1
0
1
0
1
1
0
0
0
0
0
0
0
1
0
0
0
1
0
0
1
0
0
1
0
0
0
0
1
0
0
0
1
1
1
0
1
0
1
0
0
1
1
0
1
0
1
1
1
1
1
1
0
1
0
1
1
0
1
1
1
0
1
1
0
1
1
1
1
1
1
1
1
1
1
1
0
0
0
1
0
0
1
0
1
0
1
0
0
1
0
0
0
0
1
0
0
1
0
1
1
0
0
0
0
0
1
0
0
0
0
1
0
0
0
0
0
0
0
0
0
0
0
0
0
0
0
0
0
0
0
0
0
0
0
0
0
0
0
0
0
0
0
0
0
0
